waiting little and focus

00000000 a5 43 9e c1 e4 3b 3b 46   a5 43 9e c1 e4 3b 3b 24 	.C...;;F  .C...;;$
00000016 a5 43 9e c1 e4 3b 35 b9   a5 43 9e c1 e4 3b 3b 3c 	.C...;5.  .C...;;<
00000032 a5 43 9e c1 e4 3b 3a 6e   a5 42 9e c6 1e 46 c6 c2 	.C...;:n  .B..␞F..
00000048 a5 42 9e c6 1e 46 c9 cf   a5 42 9e c6 1e 46 c7 7d 	.B..␞F..  .B..␞F.}
00000064 a5 42 9e c6 1e 46 c4 06   a5 42 9e c6 1e 46 c4 71 	.B..␞F.␆  .B..␞F.q
00000080 a5 42 9e c6 1e 46 c4 a9   a5 42 9e c6 1e 46 c7 fb 	.B..␞F..  .B..␞F..
00000096 a5 42 9e c6 1e 46 c4 69   a5 42 9e c6 1e 46 c5 42 	.B..␞F.i  .B..␞F.B
00000112 a5 42 9e c6 1e 46 c7 28   a5 42 9e c6 1e 46 c5 0c 	.B..␞F.(  .B..␞F.␌
00000128 a5 42 9e c6 1e 46 c5 5f   a5 42 9e c6 1e 46 c5 87 	.B..␞F._  .B..␞F..
00000144 a5 42 9e c6 1e 46 c5 05   a5 42 9e c6 1e 46 c3 04 	.B..␞F.␅  .B..␞F.␄
00000160 a5 42 9e c6 1e 46 c5 bb   a5 42 9e c6 1e 46 c2 2c 	.B..␞F..  .B..␞F.,
00000176 a5 42 9e c6 1e 46 c2 d4   a5 42 9e c6 1e 46 c2 da 	.B..␞F..  .B..␞F..
00000192 a5 42 9e c6 1e 46 c2 87   a5 4d 9e cb e4 0d 07 a2 	.B..␞F..  .M...␍␇.
00000208 a5 4d 9e cb e4 0d 07 b3   a5 4d 9e cb e4 0d 04 42 	.M...␍␇.  .M...␍␄B
00000224 a5 4d 9e cb e4 0d 07 d8   a5 4d 9e cb e4 0d 04 64 	.M...␍␇.  .M...␍␄d
00000240 a5 4d 9e cb e4 0d 05 fc   a5 4d 9e cb e4 0d 04 fd 	.M...␍␅.  .M...␍␄.
00000256 a5 4d 9e cb e4 0d 3a 53   a5 4d 9e cb e4 0d 3a 32 	.M...␍:S  .M...␍:2
00000272 a5 4d 9e cb e4 0d 3a 31   a5 4d 9e cb e4 0d 3a 6a 	.M...␍:1  .M...␍:j
00000288 a5 4d 9e cb e4 0d 3a 69   a5 4d 9e cb e4 0d 3b 7f 	.M...␍:i  .M...␍;.
00000304 a5 4d 9e cb e4 0d 3b 7e   a5 4d 9e cb e4 0d 38 dc 	.M...␍;~  .M...␍8.
00000320 a5 4d 9e cb e4 0d 39 78   a5 4d 9e cb e4 0d 39 96 	.M...␍9x  .M...␍9.
00000336 a5 4d 9e cb e4 0d 3e ad   a5 4d 9e cb e4 0d 3f c0 	.M...␍>.  .M...␍?.
00000352 a5 4d 9e cb e4 0d 3f f5   a5 4c 9e c8 e6 00 49 66 	.M...␍?.  .L...␀If
00000368 a5 4c 9e c8 e6 00 48 df   a5 4c 9e c8 e6 00 49 59 	.L...␀H.  .L...␀IY
00000384 a5 4c 9e c8 e6 00 49 d3   a5 4c 9e c8 e6 00 47 21 	.L...␀I.  .L...␀G!
00000400 a5 4c 9e c8 e6 00 46 61   a5 4c 9e c8 e6 00 44 51 	.L...␀Fa  .L...␀DQ
00000416 a5 4c 9e c8 e6 00 47 0a   a5 4c 9e c8 e6 00 47 1f 	.L...␀G␊  .L...␀G␟
00000432 a5 4c 9e c8 e6 00 47 0d   a5 4c 9e c8 e6 00 45 75 	.L...␀G␍  .L...␀Eu
00000448 a5 4c 9e c8 e6 00 47 a0   a5 4c 9e c8 e6 00 45 79 	.L...␀G.  .L...␀Ey
00000464 a5 4c 9e c8 e6 00 44 5a   a5 4c 9e c8 e6 00 44 94 	.L...␀DZ  .L...␀D.
00000480 a5 4c 9e c8 e6 00 44 b7   a5 4c 9e c8 e6 00 42 46 	.L...␀D.  .L...␀BF
00000496 a5 4c 9e c8 e6 00 43 5e   a5 4c 9e c8 e6 00 43 6e 	.L...␀C^  .L...␀Cn
00000512 a5 4c 9e c8 e6 00 42 cb   a5 4f 9e d5 1c 57 fe c2 	.L...␀B.  .O..␜W..
00000528 a5 4f 9e d5 1c 57 fe 0e   a5 4f 9e d5 1c 57 fe b3 	.O..␜W.␎  .O..␜W..
00000544 a5 4f 9e d5 1c 57 fc 28   a5 4f 9e d5 1c 57 fc 3e 	.O..␜W.(  .O..␜W.>
00000560 a5 4f 9e d5 1c 57 ff b4   a5 4f 9e d5 1c 57 fc 90 	.O..␜W..  .O..␜W..
00000576 a5 4f 9e d5 1c 57 fc 57   a5 4f 9e d5 1c 57 fc 4a 	.O..␜W.W  .O..␜W.J
00000592 a5 4f 9e d5 1c 57 e2 28   a5 4f 9e d5 1c 57 fd 34 	.O..␜W.(  .O..␜W.4
00000608 a5 4f 9e d5 1c 57 e2 71   a5 4f 9e d5 1c 57 fd 43 	.O..␜W.q  .O..␜W.C
00000624 a5 4f 9e d5 1c 57 fd ea   a5 4f 9e d5 1c 57 fd c7 	.O..␜W..  .O..␜W..
00000640 a5 4f 9e d5 1c 57 e3 82   a5 4f 9e d5 1c 57 e3 8c 	.O..␜W..  .O..␜W..
00000656 a5 4f 9e d5 1c 57 e0 8b   a5 4f 9e d5 1c 57 e0 1a 	.O..␜W..  .O..␜W.␚
00000672 a5 4f 9e d5 1c 57 e3 75   a5 4e 9e ca e6 02 5c 7a 	.O..␜W.u  .N...␂\z
00000688 c5 01 01 00 00 00 02 5c   a5 4e 9e ca e6 02 5c 03 	.␁␁␀␀␀␂\  .N...␂\␃
00000704 a5 4e 9e ca e6 02 5c e0   a5 4e 9e ca e6 02 5d 89 	.N...␂\.  .N...␂].
00000720 a5 4e 9e ca e6 02 5d 04   a5 4e 9e ca e6 02 5d d2 	.N...␂]␄  .N...␂].
00000736 a5 4e 9e ca e6 02 5d 17   a5 4e 9e ca e6 02 5a 63 	.N...␂]␗  .N...␂Zc
00000752 a5 4e 9e ca e6 02 5b 0d   a5 4e 9e ca e6 02 59 1e 	.N...␂[␍  .N...␂Y␞
00000768 a5 4e 9e ca e6 02 57 82   a5 4e 9e ca e6 02 57 6f 	.N...␂W.  .N...␂Wo
00000784 a5 4e 9e ca e6 02 57 d9   a5 4e 9e ca e6 02 57 b7 	.N...␂W.  .N...␂W.
00000800 a5 4e 9e ca e6 02 57 0e   a5 4e 9e ca e6 02 57 4d 	.N...␂W␎  .N...␂WM
00000816 a5 4e 9e ca e6 02 56 45   a5 4e 9e ca e6 02 58 ef 	.N...␂VE  .N...␂X.
00000832 a5 4e 9e ca e6 02 59 02   a5 49 9e cf 1c 49 ec e7 	.N...␂Y␂  .I..␜I..
00000848 a5 49 9e cf 1c 49 e2 29   a5 49 9e cf 1c 49 e2 42 	.I..␜I.)  .I..␜I.B
00000864 a5 49 9e cf 1c 49 ed 6a   a5 49 9e cf 1c 49 e2 0b 	.I..␜I.j  .I..␜I.␋
00000880 a5 49 9e cf 1c 49 e2 7b   a5 49 9e cf 1c 49 e2 55 	.I..␜I.{  .I..␜I.U
00000896 a5 49 9e cf 1c 49 e2 86   a5 49 9e cf 1c 49 ed 44 	.I..␜I..  .I..␜I.D
00000912 a5 49 9e cf 1c 49 e2 4b   a5 49 9e cf 1c 49 e3 42 	.I..␜I.K  .I..␜I.B
00000928 a5 49 9e cf 1c 49 ed 6a   a5 49 9e cf 1c 49 ed 41 	.I..␜I.j  .I..␜I.A
00000944 a5 49 9e cf 1c 49 e2 6f   a5 49 9e cf 1c 49 e2 61 	.I..␜I.o  .I..␜I.a
00000960 a5 49 9e cf 1c 49 ed 31   a5 49 9e cf 1c 49 e3 2e 	.I..␜I.1  .I..␜I..
00000976 a5 49 9e cf 1c 49 e2 61   a5 49 9e cf 1c 49 ed b5 	.I..␜I.a  .I..␜I..
00000992 a5 49 9e cf 1c 49 ec c4   a5 48 9e cc 1e 4c e8 dd 	.I..␜I..  .H..␞L..
00001008 a5 48 9e cc 1e 4c e8 8e   a5 48 9e cc 1e 4c e8 d8 	.H..␞L..  .H..␞L..
00001024 a5 48 9e cc 1e 4c e8 9a   a5 48 9e cc 1e 4c eb ce 	.H..␞L..  .H..␞L..
00001040 a5 48 9e cc 1e 4c e8 02   a5 48 9e cc 1e 4c e8 e6 	.H..␞L.␂  .H..␞L..
00001056 a5 48 9e cc 1e 4c eb ba   a5 48 9e cc 1e 4c eb 6a 	.H..␞L..  .H..␞L.j
00001072 a5 48 9e cc 1e 4c ea e7   a5 48 9e cc 1e 4c ea d0 	.H..␞L..  .H..␞L..
00001088 a5 48 9e cc 1e 4c eb 52   a5 48 9e cc 1e 4c ea 4e 	.H..␞L.R  .H..␞L.N
00001104 a5 48 9e cc 1e 4c ed e2   a5 48 9e cc 1e 4c ea 39 	.H..␞L..  .H..␞L.9
00001120 a5 48 9e cc 1e 4c ed 49   a5 48 9e cc 1e 4c ec c0 	.H..␞L.I  .H..␞L..
00001136 a5 48 9e cc 1e 4c ec c4   a5 48 9e cc 1e 4c ec 26 	.H..␞L..  .H..␞L.&
00001152 a5 48 9e cc 1e 4c ef e6   a5 4b 9e c9 e4 03 52 03 	.H..␞L..  .K...␃R␃
00001168 a5 4b 9e c9 e4 03 52 6e   a5 4b 9e c9 e4 03 53 0a 	.K...␃Rn  .K...␃S␊
00001184 a5 4b 9e c9 e4 03 52 9c   a5 4b 9e c9 e4 03 4c 6f 	.K...␃R.  .K...␃Lo
00001200 a5 4b 9e c9 e4 03 4c f2   a5 4b 9e c9 e4 03 4d 3a 	.K...␃L.  .K...␃M:
00001216 a5 4b 9e c9 e4 03 4f 4c   a5 4b 9e c9 e4 03 4e 7e 	.K...␃OL  .K...␃N~
00001232 a5 4b 9e c9 e4 03 4e 7a   a5 4b 9e c9 e4 03 49 70 	.K...␃Nz  .K...␃Ip
00001248 a5 4b 9e c9 e4 03 49 7a   a5 4b 9e c9 e4 03 48 93 	.K...␃Iz  .K...␃H.
00001264 a5 4b 9e c9 e4 03 48 d1   a5 4b 9e c9 e4 03 4a 88 	.K...␃H.  .K...␃J.
00001280 a5 4b 9e c9 e4 03 4a e4   a5 4b 9e c9 e4 03 45 9a 	.K...␃J.  .K...␃E.
00001296 a5 4b 9e c9 e4 03 45 5f   a5 4b 9e c9 e4 03 44 4e 	.K...␃E_  .K...␃DN
00001312 a5 4b 9e c9 e4 03 46 d3   a5 4a 9e ce 1e 4e fb 7f 	.K...␃F.  .J..␞N..
00001328 a5 4a 9e ce 1e 4e fa eb   a5 4a 9e ce 1e 4e fd fc 	.J..␞N..  .J..␞N..
00001344 a5 4a 9e ce 1e 4e fc 8f   a5 4a 9e ce 1e 4e ff a7 	.J..␞N..  .J..␞N..
00001360 c5 01 00 00 00 00 01 5c   a5 4a 9e ce 1e 4e c1 11 	.␁␀␀␀␀␁\  .J..␞N.␑
00001376 a5 4a 9e ce 1e 4e c1 f0   a5 4a 9e ce 1e 4e c1 5a 	.J..␞N..  .J..␞N.Z
00001392 a5 4a 9e ce 1e 4e c0 4b   a5 4a 9e ce 1e 4e c0 eb 	.J..␞N.K  .J..␞N..
00001408 a5 4a 9e ce 1e 4e c0 3e   a5 4a 9e ce 1e 4e c0 51 	.J..␞N.>  .J..␞N.Q
00001424 a5 4a 9e ce 1e 4e c0 25   a5 4a 9e ce 1e 4e c0 a3 	.J..␞N.%  .J..␞N..
00001440 a5 4a 9e ce 1e 4e c3 4d   a5 4a 9e ce 1e 4e c3 a2 	.J..␞N.M  .J..␞N..
00001456 a5 4a 9e ce 1e 4e c3 93   a5 4a 9e ce 1e 4e c2 65 	.J..␞N..  .J..␞N.e
00001472 a5 4a 9e ce 1e 4e c2 45   a5 55 9e d3 e4 15 06 80 	.J..␞N.E  .U...␕␆.
00001488 a5 55 9e d3 e4 15 01 bc   a5 55 9e d3 e4 15 01 4a 	.U...␕␁.  .U...␕␁J
00001504 a5 55 9e d3 e4 15 01 c4   a5 55 9e d3 e4 15 00 c3 	.U...␕␁.  .U...␕␀.
00001520 a5 55 9e d3 e4 15 01 11   a5 55 9e d3 e4 15 00 09 	.U...␕␁␑  .U...␕␀␉
00001536 a5 55 9e d3 e4 15 03 fd   a5 55 9e d3 e4 15 03 ad 	.U...␕␃.  .U...␕␃.
00001552 a5 55 9e d3 e4 15 02 4c   a5 55 9e d3 e4 15 02 a1 	.U...␕␂L  .U...␕␂.
00001568 a5 55 9e d3 e4 15 02 11   a5 55 9e d3 e4 15 0d c4 	.U...␕␂␑  .U...␕␍.
00001584 a5 55 9e d3 e4 15 02 47   a5 55 9e d3 e4 15 02 7d 	.U...␕␂G  .U...␕␂}
00001600 a5 55 9e d3 e4 15 0d 94   a5 55 9e d3 e4 15 0d 1e 	.U...␕␍.  .U...␕␍␞
00001616 a5 55 9e d3 e4 15 0d 11   a5 55 9e d3 e4 15 0f b0 	.U...␕␍␑  .U...␕␏.
00001632 a5 55 9e d3 e4 15 0e ed   a5 54 9e d0 e6 08 79 ed 	.U...␕␎.  .T...␈y.
00001648 a5 54 9e d0 e6 08 7b 1f   a5 54 9e d0 e6 08 7b d9 	.T...␈{␟  .T...␈{.
00001664 a5 54 9e d0 e6 08 7d dd   a5 54 9e d0 e6 08 7d b5 	.T...␈}.  .T...␈}.
00001680 a5 54 9e d0 e6 08 7c 2f   a5 54 9e d0 e6 08 7f 40 	.T...␈|/  .T...␈.@
00001696 a5 54 9e d0 e6 08 7f 03   a5 54 9e d0 e6 08 7e 22 	.T...␈.␃  .T...␈~"
00001712 a5 54 9e d0 e6 08 7f b7   a5 54 9e d0 e6 08 7e c2 	.T...␈..  .T...␈~.
00001728 c5 01 00 80 00 00 81 5c   a5 54 9e d0 e6 08 60 a6 	.␁␀.␀␀.\  .T...␈`.
00001744 a5 54 9e d0 e6 08 62 77   a5 54 9e d0 e6 08 61 56 	.T...␈bw  .T...␈aV
00001760 a5 54 9e d0 e6 08 7a b8   a5 54 9e d0 e6 08 78 fd 	.T...␈z.  .T...␈x.
00001776 a5 54 9e d0 e6 08 74 e7   a5 54 9e d0 e6 08 70 b1 	.T...␈t.  .T...␈p.
00001792 c5 01 00 00 00 00 01 5c   a5 57 9e dd 1c 5f c9 b4 	.␁␀␀␀␀␁\  .W..␜_..
00001808 a5 57 9e dd 1c 5f c8 ae   a5 57 9e dd 1c 5f ca 5f 	.W..␜_..  .W..␜_._
00001824 a5 57 9e dd 1c 5f ca 1a   a5 57 9e dd 1c 5f ca b3 	.W..␜_.␚  .W..␜_..
00001840 a5 57 9e dd 1c 5f ca f9   a5 57 9e dd 1c 5f c5 c2 	.W..␜_..  .W..␜_..
00001856 a5 57 9e dd 1c 5f c7 c9   a5 57 9e dd 1c 5f c4 a2 	.W..␜_..  .W..␜_..
00001872 a5 57 9e dd 1c 5f c6 5a   a5 57 9e dd 1c 5f c1 16 	.W..␜_.Z  .W..␜_.␖
00001888 a5 57 9e dd 1c 5f c6 f4   a5 57 9e dd 1c 5f c0 49 	.W..␜_..  .W..␜_.I
00001904 a5 57 9e dd 1c 5f c0 63   a5 57 9e dd 1c 5f c0 1a 	.W..␜_.c  .W..␜_.␚
00001920 a5 57 9e dd 1c 5f c1 4b   a5 57 9e dd 1c 5f c2 c3 	.W..␜_.K  .W..␜_..
00001936 a5 57 9e dd 1c 5f dd ed   a5 57 9e dd 1c 5f dd a3 	.W..␜_..  .W..␜_..
00001952 a5 57 9e dd 1c 5f dd f8   a5 56 9e d2 e6 0a 60 34 	.W..␜_..  .V...␊`4
00001968 a5 56 9e d2 e6 0a 63 76   a5 56 9e d2 e6 0a 63 4a 	.V...␊cv  .V...␊cJ
00001984 a5 56 9e d2 e6 0a 63 f3   a5 56 9e d2 e6 0a 62 5d 	.V...␊c.  .V...␊b]
00002000 a5 56 9e d2 e6 0a 65 41   a5 56 9e d2 e6 0a 61 af 	.V...␊eA  .V...␊a.
00002016 a5 56 9e d2 e6 0a 7f 23   a5 56 9e d2 e6 0a 78 a8 	.V...␊.#  .V...␊x.
00002032 a5 56 9e d2 e6 0a 77 7e   a5 56 9e d2 e6 0a 74 83 	.V...␊w~  .V...␊t.
00002048 a5 56 9e d2 e6 0a 77 00   a5 56 9e d2 e6 0a 76 52 	.V...␊w␀  .V...␊vR
00002064 a5 56 9e d2 e6 0a 79 68   a5 56 9e d2 e6 0a 78 a2 	.V...␊yh  .V...␊x.
00002080 a5 56 9e d2 e6 0a 7b a5   a5 56 9e d2 e6 0a 7b 8f 	.V...␊{.  .V...␊{.
00002096 a5 56 9e d2 e6 0a 7a 82   a5 56 9e d2 e6 0a 7d 5c 	.V...␊z.  .V...␊}\
00002112 a5 56 9e d2 e6 0a 7d 9e   c5 01 00 80 00 00 81 5c 	.V...␊}.  .␁␀.␀␀.\
00002128 a5 51 9e d7 1c 51 c8 a1   a5 51 9e d7 1c 51 ca 7d 	.Q..␜Q..  .Q..␜Q.}
00002144 a5 51 9e d7 1c 51 ca 63   a5 51 9e d7 1c 51 c8 8d 	.Q..␜Q.c  .Q..␜Q..
00002160 c5 01 00 00 00 00 01 5c   c5 01 00 80 00 00 81 5c 	.␁␀␀␀␀␁\  .␁␀.␀␀.\
00002176 a5 51 9e d7 1c 51 ca 9c   a5 51 9e d7 1c 51 ca 50 	.Q..␜Q..  .Q..␜Q.P
00002192 c5 01 00 00 00 00 01 5c   c5 01 00 80 00 00 81 5c 	.␁␀␀␀␀␁\  .␁␀.␀␀.\
00002208 a5 51 9e d7 1c 51 ca 0b   a5 51 9e d7 1c 51 cb e8 	.Q..␜Q.␋  .Q..␜Q..
00002224 c5 01 00 00 00 00 01 5c   c5 01 00 80 00 00 81 5c 	.␁␀␀␀␀␁\  .␁␀.␀␀.\
00002240 c5 01 00 00 00 00 01 5c   a5 51 9e d7 1c 51 d5 c8 	.␁␀␀␀␀␁\  .Q..␜Q..
00002256 c5 01 00 80 00 00 81 5c   c5 01 00 00 00 00 01 5c 	.␁␀.␀␀.\  .␁␀␀␀␀␁\
00002272 a5 51 9e d7 1c 51 d7 ab   a5 50 9e d4 1e 54 d3 11 	.Q..␜Q..  .P..␞T.␑
00002288 a5 50 9e d4 1e 54 d2 7a   c5 01 00 80 00 00 81 5c 	.P..␞T.z  .␁␀.␀␀.\
00002304 c5 01 00 00 00 00 01 5c   a5 50 9e d4 1e 54 d4 7e 	.␁␀␀␀␀␁\  .P..␞T.~
00002320 a5 50 9e d4 1e 54 d4 0f   c5 01 00 80 00 00 81 5c 	.P..␞T.␏  .␁␀.␀␀.\
00002336 c5 01 00 00 00 00 01 5c   c5 01 00 80 00 00 81 5c 	.␁␀␀␀␀␁\  .␁␀.␀␀.\
00002352 a5 50 9e d4 1e 54 c7 ca   c5 01 00 00 00 00 01 5c 	.P..␞T..  .␁␀␀␀␀␁\
00002368 c5 01 00 80 00 00 81 5c   a5 50 9e d4 1e 54 c4 7b 	.␁␀.␀␀.\  .P..␞T.{
00002384 a5 50 9e d4 1e 54 c4 15   c5 01 00 00 00 00 01 5c 	.P..␞T.␕  .␁␀␀␀␀␁\
00002400 a5 50 9e d4 1e 54 c4 08   a5 50 9e d4 1e 54 c5 85 	.P..␞T.␈  .P..␞T..
00002416 a5 50 9e d4 1e 54 c4 da   a5 50 9e d4 1e 54 c6 0f 	.P..␞T..  .P..␞T.␏
00002432 a5 50 9e d4 1e 54 c9 35   a5 53 9e d1 e4 0b 75 f8 	.P..␞T.5  .S...␋u.
00002448 a5 53 9e d1 e4 0b 74 72   a5 53 9e d1 e4 0b 77 c4 	.S...␋tr  .S...␋w.
00002464 a5 53 9e d1 e4 0b 71 14   a5 53 9e d1 e4 0b 71 4b 	.S...␋q␔  .S...␋qK
00002480 a5 53 9e d1 e4 0b 70 98   a5 53 9e d1 e4 0b 70 83 	.S...␋p.  .S...␋p.
00002496 a5 53 9e d1 e4 0b 73 37   a5 53 9e d1 e4 0b 72 f0 	.S...␋s7  .S...␋r.
00002512 a5 53 9e d1 e4 0b 6d 38   a5 53 9e d1 e4 0b 6d 83 	.S...␋m8  .S...␋m.
00002528 a5 53 9e d1 e4 0b 6c c0   a5 53 9e d1 e4 0b 6e f3 	.S...␋l.  .S...␋n.
00002544 a5 53 9e d1 e4 0b 6e 3b   a5 53 9e d1 e4 0b 6e de 	.S...␋n;  .S...␋n.
00002560 a5 53 9e d1 e4 0b 68 60   a5 53 9e d1 e4 0b 68 48 	.S...␋h`  .S...␋hH
00002576 a5 53 9e d1 e4 0b 68 a0   a5 53 9e d1 e4 0b 6a 3c 	.S...␋h.  .S...␋j<
00002592 a5 53 9e d1 e4 0b 6a a9   a5 52 9e d6 1e 56 d9 66 	.S...␋j.  .R..␞V.f
00002608 a5 52 9e d6 1e 56 d9 c1   a5 52 9e d6 1e 56 d8 96 	.R..␞V..  .R..␞V..
00002624 a5 52 9e d6 1e 56 db e8   a5 52 9e d6 1e 56 db ba 	.R..␞V..  .R..␞V..
00002640 a5 52 9e d6 1e 56 da ff   a5 52 9e d6 1e 56 dd a2 	.R..␞V..  .R..␞V..
00002656 a5 52 9e d6 1e 56 dd 61   a5 52 9e d6 1e 56 d8 9a 	.R..␞V.a  .R..␞V..
00002672 a5 52 9e d6 1e 56 d7 37   a5 52 9e d6 1e 56 d5 e5 	.R..␞V.7  .R..␞V..
00002688 a5 52 9e d6 1e 56 d0 31   c5 01 04 00 00 00 05 5c 	.R..␞V.1  .␁␄␀␀␀␅\
00002704 c5 01 00 00 00 00 01 5c   a5 52 9e d6 1e 56 d3 89 	.␁␀␀␀␀␁\  .R..␞V..
00002720 a5 52 9e d6 1e 56 d5 9e   a5 52 9e d6 1e 56 d2 1e 	.R..␞V..  .R..␞V.␞
00002736 a5 52 9e d6 1e 56 d4 cc   a5 52 9e d6 1e 56 d6 a0 	.R..␞V..  .R..␞V..
00002752 a5 52 9e d6 1e 56 d7 42   a5 5d 9e db e4 1d 13 69 	.R..␞V.B  .]...␝␓i
00002768 a5 5d 9e db e4 1d 1d 2f   a5 5d 9e db e4 1d 1d 5d 	.]...␝␝/  .]...␝␝]
00002784 a5 5d 9e db e4 1d 1f c3   a5 5d 9e db e4 1d 1f 1d 	.]...␝␟.  .]...␝␟␝
00002800 a5 5d 9e db e4 1d 1e 68   a5 5d 9e db e4 1d 1e 8b 	.]...␝␞h  .]...␝␞.
00002816 a5 5d 9e db e4 1d 19 f9   a5 5d 9e db e4 1d 18 d6 	.]...␝␙.  .]...␝␘.
00002832 a5 5d 9e db e4 1d 18 1d   a5 5d 9e db e4 1d 1b 1b 	.]...␝␘␝  .]...␝␛␛
00002848 a5 5d 9e db e4 1d 1a 0b   a5 5d 9e db e4 1d 1a e4 	.]...␝␚␋  .]...␝␚.
00002864 a5 5d 9e db e4 1d 1a 0d   a5 5d 9e db e4 1d 65 21 	.]...␝␚␍  .]...␝e!
00002880 a5 5d 9e db e4 1d 65 27   a5 5d 9e db e4 1d 67 0a 	.]...␝e'  .]...␝g␊
00002896 a5 5d 9e db e4 1d 65 3a   a5 5d 9e db e4 1d 64 75 	.]...␝e:  .]...␝du
00002912 a5 5d 9e db e4 1d 64 25   a5 5c 9e d8 e6 10 10 cb 	.]...␝d%  .\...␐␐.
00002928 a5 5c 9e d8 e6 10 11 4d   a5 5c 9e d8 e6 10 13 76 	.\...␐␑M  .\...␐␓v
00002944 a5 5c 9e d8 e6 10 10 7a   a5 5c 9e d8 e6 10 12 69 	.\...␐␐z  .\...␐␒i
00002960 a5 5c 9e d8 e6 10 12 b1   c5 01 00 80 00 00 81 5c 	.\...␐␒.  .␁␀.␀␀.\
00002976 a5 5c 9e d8 e6 10 15 99   a5 5c 9e d8 e6 10 12 b2 	.\...␐␕.  .\...␐␒.
00002992 a5 5c 9e d8 e6 10 15 db   a5 5c 9e d8 e6 10 12 85 	.\...␐␕.  .\...␐␒.
00003008 a5 5c 9e d8 e6 10 12 a7   a5 5c 9e d8 e6 10 12 5b 	.\...␐␒.  .\...␐␒[
00003024 a5 5c 9e d8 e6 10 12 e5   a5 5c 9e d8 e6 10 13 33 	.\...␐␒.  .\...␐␓3
00003040 a5 5c 9e d8 e6 10 13 a8   a5 5c 9e d8 e6 10 13 78 	.\...␐␓.  .\...␐␓x
00003056 a5 5c 9e d8 e6 10 13 da   a5 5c 9e d8 e6 10 13 81 	.\...␐␓.  .\...␐␓.
00003072 a5 5c 9e d8 e6 10 13 f1   a5 5f 9e a5 dc e7 2f 90 	.\...␐␓.  ._..../.
00003088 a5 5f 9e a5 dc e7 2c 96   a5 5f 9e a5 dc e7 2c f1 	._....,.  ._....,.
00003104 a5 5f 9e a5 dc e7 2c 6c   a5 5f 9e a5 dc e7 2c 6f 	._....,l  ._....,o
00003120 a5 5f 9e a5 dc e7 2c 66   a5 5f 9e a5 dc e7 2c 67 	._....,f  ._....,g
00003136 a5 5f 9e a5 dc e7 2c 3f   a5 5f 9e a5 dc e7 2d 05 	._....,?  ._....-␅
00003152 a5 5f 9e a5 dc e7 2c c0   a5 5f 9e a5 dc e7 2f 80 	._....,.  ._..../.
00003168 a5 5f 9e a5 dc e7 2d 91   a5 5f 9e a5 dc e7 2d 5d 	._....-.  ._....-]
00003184 a5 5f 9e a5 dc e7 2d f5   a5 5f 9e a5 dc e7 2d fb 	._....-.  ._....-.
00003200 a5 5f 9e a5 dc e7 52 e5   a5 5f 9e a5 dc e7 2d 1b 	._....R.  ._....-␛
00003216 a5 5f 9e a5 dc e7 52 61   a5 5f 9e a5 dc e7 52 5d 	._....Ra  ._....R]
00003232 a5 5f 9e a5 dc e7 52 07   a5 5e 9e da e6 12 11 9a 	._....R␇  .^...␒␑.
00003248 a5 5e 9e da e6 12 6e 8a   a5 5e 9e da e6 12 6e b2 	.^...␒n.  .^...␒n.
00003264 a5 5e 9e da e6 12 6e d0   a5 5e 9e da e6 12 6e b5 	.^...␒n.  .^...␒n.
00003280 a5 5e 9e da e6 12 6e ae   a5 5e 9e da e6 12 6e 62 	.^...␒n.  .^...␒nb
00003296 a5 5e 9e da e6 12 6f 90   c5 01 00 00 00 00 01 5c 	.^...␒o.  .␁␀␀␀␀␁\
00003312 a5 5e 9e da e6 12 6e db   a5 5e 9e da e6 12 6e b0 	.^...␒n.  .^...␒n.
00003328 a5 5e 9e da e6 12 11 e3   a5 5e 9e da e6 12 11 c7 	.^...␒␑.  .^...␒␑.
00003344 a5 5e 9e da e6 12 11 56   a5 5e 9e da e6 12 10 e2 	.^...␒␑V  .^...␒␐.
00003360 a5 5e 9e da e6 12 11 16   a5 5e 9e da e6 12 13 f7 	.^...␒␑␖  .^...␒␓.
00003376 a5 5e 9e da e6 12 10 9f   a5 5e 9e da e6 12 10 79 	.^...␒␐.  .^...␒␐y
00003392 a5 5e 9e da e6 12 12 d6   a5 59 9e df 1c 59 a1 47 	.^...␒␒.  .Y..␜Y.G
00003408 a5 59 9e df 1c 59 a6 15   a5 59 9e df 1c 59 a6 43 	.Y..␜Y.␕  .Y..␜Y.C
00003424 a5 59 9e df 1c 59 a6 d5   a5 59 9e df 1c 59 a1 4f 	.Y..␜Y..  .Y..␜Y.O
00003440 a5 59 9e df 1c 59 a1 ee   a5 59 9e df 1c 59 a1 e4 	.Y..␜Y..  .Y..␜Y..
00003456 a5 59 9e df 1c 59 a1 6e   a5 59 9e df 1c 59 a1 e4 	.Y..␜Y.n  .Y..␜Y..
00003472 a5 59 9e df 1c 59 a1 d8   a5 59 9e df 1c 59 a0 b5 	.Y..␜Y..  .Y..␜Y..
00003488 a5 59 9e df 1c 59 a0 aa   a5 59 9e df 1c 59 a3 5f 	.Y..␜Y..  .Y..␜Y._
00003504 a5 59 9e df 1c 59 a0 d3   a5 59 9e df 1c 59 a3 55 	.Y..␜Y..  .Y..␜Y.U
00003520 a5 59 9e df 1c 59 a2 3c   a5 59 9e df 1c 59 a3 bf 	.Y..␜Y.<  .Y..␜Y..
00003536 a5 59 9e df 1c 59 a2 36   a5 59 9e df 1c 59 a2 0f 	.Y..␜Y.6  .Y..␜Y.␏
00003552 a5 59 9e df 1c 59 a2 85   a5 58 9e dc 1e 5c a6 61 	.Y..␜Y..  .X..␞\.a
00003568 a5 58 9e dc 1e 5c a5 f3   a5 58 9e dc 1e 5c a3 d1 	.X..␞\..  .X..␞\..
00003584 a5 58 9e dc 1e 5c a0 bb   a5 58 9e dc 1e 5c df 76 	.X..␞\..  .X..␞\.v
00003600 a5 58 9e dc 1e 5c df 58   a5 58 9e dc 1e 5c de b9 	.X..␞\.X  .X..␞\..
00003616 a5 58 9e dc 1e 5c df 4d   a5 58 9e dc 1e 5c df 15 	.X..␞\.M  .X..␞\.␕
00003632 a5 58 9e dc 1e 5c a1 9e   a5 58 9e dc 1e 5c a1 0a 	.X..␞\..  .X..␞\.␊
00003648 a5 58 9e dc 1e 5c a1 7a   a5 58 9e dc 1e 5c a0 e4 	.X..␞\.z  .X..␞\..
00003664 a5 58 9e dc 1e 5c a0 bb   a5 58 9e dc 1e 5c a0 4e 	.X..␞\..  .X..␞\.N
00003680 a5 58 9e dc 1e 5c a0 44   a5 58 9e dc 1e 5c a1 c8 	.X..␞\.D  .X..␞\..
00003696 a5 58 9e dc 1e 5c a0 c3   a5 58 9e dc 1e 5c a0 aa 	.X..␞\..  .X..␞\..
00003712 a5 58 9e dc 1e 5c a1 c6   a5 5b 9e d9 e4 13 1c 2d 	.X..␞\..  .[...␓␜-
00003728 a5 5b 9e d9 e4 13 1f 6b   a5 5b 9e d9 e4 13 1f 1a 	.[...␓␟k  .[...␓␟␚
00003744 a5 5b 9e d9 e4 13 1f d6   a5 5b 9e d9 e4 13 1f 0f 	.[...␓␟.  .[...␓␟␏
00003760 a5 5b 9e d9 e4 13 1e a7   a5 5b 9e d9 e4 13 1e dc 	.[...␓␞.  .[...␓␞.
00003776 a5 5b 9e d9 e4 13 1e 7c   a5 5b 9e d9 e4 13 1e a6 	.[...␓␞|  .[...␓␞.
00003792 a5 5b 9e d9 e4 13 1e f6   a5 5b 9e d9 e4 13 1f 79 	.[...␓␞.  .[...␓␟y
00003808 a5 5b 9e d9 e4 13 1e 21   a5 5b 9e d9 e4 13 1e d7 	.[...␓␞!  .[...␓␞.
00003824 a5 5b 9e d9 e4 13 19 c2   a5 5b 9e d9 e4 13 19 15 	.[...␓␙.  .[...␓␙␕
00003840 a5 5b 9e d9 e4 13 19 15   a5 5b 9e d9 e4 13 19 f8 	.[...␓␙␕  .[...␓␙.
00003856 a5 5b 9e d9 e4 13 19 f8   a5 5b 9e d9 e4 13 19 1c 	.[...␓␙.  .[...␓␙␜
00003872 a5 5b 9e d9 e4 13 19 5f   a5 5a 9e de 1e 5e a4 7f 	.[...␓␙_  .Z..␞^..
00003888 a5 5a 9e de 1e 5e a4 a1   a5 5a 9e de 1e 5e a4 35 	.Z..␞^..  .Z..␞^.5
00003904 a5 5a 9e de 1e 5e a4 20   a5 5a 9e de 1e 5e a4 4a 	.Z..␞^.   .Z..␞^.J
00003920 a5 5a 9e de 1e 5e a5 bd   a5 5a 9e de 1e 5e a5 fa 	.Z..␞^..  .Z..␞^..
00003936 a5 5a 9e de 1e 5e a5 8f   a5 5a 9e de 1e 5e a4 31 	.Z..␞^..  .Z..␞^.1
00003952 a5 5a 9e de 1e 5e a4 06   a5 5a 9e de 1e 5e a5 58 	.Z..␞^.␆  .Z..␞^.X
00003968 a5 5a 9e de 1e 5e a5 62   a5 5a 9e de 1e 5e a7 77 	.Z..␞^.b  .Z..␞^.w
00003984 a5 5a 9e de 1e 5e a4 b2   a5 5a 9e de 1e 5e a4 1c 	.Z..␞^..  .Z..␞^.␜
00004000 a5 5a 9e de 1e 5e a5 c1   a5 5a 9e de 1e 5e a5 95 	.Z..␞^..  .Z..␞^..
00004016 a5 5a 9e de 1e 5e a5 d6   a5 5a 9e de 1e 5e a4 5e 	.Z..␞^..  .Z..␞^.^
00004032 a5 5a 9e de 1e 5e a4 58   a5 25 9e e3 24 65 e3 ce 	.Z..␞^.X  .%..$e..
00004048 a5 25 9e e3 24 65 e0 57   a5 25 9e e3 24 65 e0 82 	.%..$e.W  .%..$e..
00004064 a5 25 9e e3 24 65 e0 ee   a5 25 9e e3 24 65 e1 33 	.%..$e..  .%..$e.3
00004080 a5 25 9e e3 24 65 e0 f5   a5 25 9e e3 24 65 e1 57 	.%..$e..  .%..$e.W
00004096 a5 25 9e e3 24 65 e0 2b   a5 25 9e e3 24 65 e0 7f 	.%..$e.+  .%..$e..
00004112 a5 25 9e e3 24 65 e0 11   a5 25 9e e3 24 65 e0 90 	.%..$e.␑  .%..$e..
00004128 a5 25 9e e3 24 65 e0 4a   a5 25 9e e3 24 65 e0 7d 	.%..$e.J  .%..$e.}
00004144 a5 25 9e e3 24 65 e0 67   a5 25 9e e3 24 65 e0 89 	.%..$e.g  .%..$e..
00004160 a5 25 9e e3 24 65 e0 37   a5 25 9e e3 24 65 e0 8d 	.%..$e.7  .%..$e..
00004176 a5 25 9e e3 24 65 e0 11   a5 25 9e e3 24 65 e0 f9 	.%..$e.␑  .%..$e..
00004192 a5 25 9e e3 24 65 e1 bf   a5 24 9e e0 26 98 d4 eb 	.%..$e..  .$..&...
00004208 a5 24 9e e0 26 98 d4 9c   a5 24 9e e0 26 98 d4 c4 	.$..&...  .$..&...
