waiting and them zoom

00000000 a5 3f 9e c5 1c 47 2b 7d   a5 3e 9e fa 26 72 17 c5 	.?..␜G+}  .>..&r␗.
00000016 a5 3e 9e fa 26 72 17 c5   a5 3e 9e fa 26 72 17 e6 	.>..&r␗.  .>..&r␗.
00000032 a5 3e 9e fa 26 72 14 34   a5 3e 9e fa 26 72 17 9c 	.>..&r␔4  .>..&r␗.
00000048 a5 3e 9e fa 26 72 17 d4   a5 3e 9e fa 26 72 15 58 	.>..&r␗.  .>..&r␕X
00000064 a5 3e 9e fa 26 72 14 73   a5 3e 9e fa 26 72 14 20 	.>..&r␔s  .>..&r␔ 
00000080 a5 3e 9e fa 26 72 15 1a   a5 3e 9e fa 26 72 15 08 	.>..&r␕␚  .>..&r␕␈
00000096 a5 3e 9e fa 26 72 14 ac   a5 3e 9e fa 26 72 14 30 	.>..&r␔.  .>..&r␔0
00000112 a5 3e 9e fa 26 72 12 ef   a5 3e 9e fa 26 72 12 96 	.>..&r␒.  .>..&r␒.
00000128 a5 3e 9e fa 26 72 15 ae   a5 3e 9e fa 26 72 12 6f 	.>..&r␕.  .>..&r␒o
00000144 a5 3e 9e fa 26 72 12 6f   a5 3e 9e fa 26 72 13 fe 	.>..&r␒o  .>..&r␓.
00000160 a5 3e 9e fa 26 72 10 fc   a5 39 9e ff 5c b9 a4 12 	.>..&r␐.  .9..\..␒
00000176 a5 39 9e ff 5c b9 a5 61   a5 39 9e ff 5c b9 a5 7f 	.9..\..a  .9..\...
00000192 a5 39 9e ff 5c b9 da 44   a5 39 9e ff 5c b9 da bd 	.9..\..D  .9..\...
00000208 a5 39 9e ff 5c b9 db 74   a5 39 9e ff 5c b9 db 08 	.9..\..t  .9..\..␈
00000224 a5 39 9e ff 5c b9 da 80   a5 39 9e ff 5c b9 da aa 	.9..\...  .9..\...
00000240 a5 39 9e ff 5c b9 db 44   a5 39 9e ff 5c b9 db 76 	.9..\..D  .9..\..v
00000256 a5 39 9e ff 5c b9 da 13   a5 39 9e ff 5c b9 da 01 	.9..\..␓  .9..\..␁
00000272 a5 39 9e ff 5c b9 db 36   a5 39 9e ff 5c b9 db 93 	.9..\..6  .9..\...
00000288 a5 39 9e ff 5c b9 d8 45   a5 39 9e ff 5c b9 d8 9d 	.9..\..E  .9..\...
00000304 a5 39 9e ff 5c b9 d9 01   a5 39 9e ff 5c b9 d8 49 	.9..\..␁  .9..\..I
00000320 a5 39 9e ff 5c b9 db a9   a5 38 9e fc 5e bc dc e4 	.9..\...  .8..^...
00000336 a5 38 9e fc 5e bc dc 4e   a5 38 9e fc 5e bc dc d1 	.8..^..N  .8..^...
00000352 a5 38 9e fc 5e bc dd 8a   a5 38 9e fc 5e bc dc 15 	.8..^...  .8..^..␕
00000368 a5 38 9e fc 5e bc dd 9d   a5 38 9e fc 5e bc dd 71 	.8..^...  .8..^..q
00000384 a5 38 9e fc 5e bc dd a9   a5 38 9e fc 5e bc dd 4a 	.8..^...  .8..^..J
00000400 a5 38 9e fc 5e bc da 26   a5 38 9e fc 5e bc dd 42 	.8..^..&  .8..^..B
00000416 a5 38 9e fc 5e bc da 64   a5 38 9e fc 5e bc dd f2 	.8..^..d  .8..^...
00000432 a5 38 9e fc 5e bc dd 7c   a5 38 9e fc 5e bc df 69 	.8..^..|  .8..^..i
00000448 a5 38 9e fc 5e bc de 5b   a5 38 9e fc 5e bc de 6a 	.8..^..[  .8..^..j
00000464 a5 38 9e fc 5e bc a0 6c   a5 38 9e fc 5e bc a0 21 	.8..^..l  .8..^..!
00000480 a5 38 9e fc 5e bc a1 e5   a5 3b 9e f9 24 73 62 57 	.8..^...  .;..$sbW
00000496 a5 3b 9e f9 24 73 62 99   a5 3b 9e f9 24 73 62 a0 	.;..$sb.  .;..$sb.
00000512 a5 3b 9e f9 24 73 1d 28   a5 3b 9e f9 24 73 62 82 	.;..$s␝(  .;..$sb.
00000528 a5 3b 9e f9 24 73 62 74   a5 3b 9e f9 24 73 1d a5 	.;..$sbt  .;..$s␝.
00000544 a5 3b 9e f9 24 73 1d b7   a5 3b 9e f9 24 73 62 f4 	.;..$s␝.  .;..$sb.
00000560 a5 3b 9e f9 24 73 62 0a   a5 3b 9e f9 24 73 63 a1 	.;..$sb␊  .;..$sc.
00000576 a5 3b 9e f9 24 73 63 07   a5 3b 9e f9 24 73 63 7d 	.;..$sc␇  .;..$sc}
00000592 a5 3b 9e f9 24 73 62 32   a5 3b 9e f9 24 73 60 11 	.;..$sb2  .;..$s`␑
00000608 a5 3b 9e f9 24 73 60 df   a5 3b 9e f9 24 73 62 76 	.;..$s`.  .;..$sbv
00000624 a5 3b 9e f9 24 73 60 98   a5 3b 9e f9 24 73 60 fc 	.;..$s`.  .;..$s`.
00000640 a5 3b 9e f9 24 73 60 7f   a5 3a 9e fe 5e be df b8 	.;..$s`.  .:..^...
00000656 a5 3a 9e fe 5e be de ee   a5 3a 9e fe 5e be dc 31 	.:..^...  .:..^..1
00000672 a5 3a 9e fe 5e be dc 5b   a5 3a 9e fe 5e be dc 38 	.:..^..[  .:..^..8
00000688 a5 3a 9e fe 5e be dc 4a   a5 3a 9e fe 5e be dc 44 	.:..^..J  .:..^..D
00000704 a5 3a 9e fe 5e be dc 35   a5 3a 9e fe 5e be dc 84 	.:..^..5  .:..^...
00000720 a5 3a 9e fe 5e be dc 4c   a5 3a 9e fe 5e be dd 8b 	.:..^..L  .:..^...
00000736 a5 3a 9e fe 5e be dc 79   a5 3a 9e fe 5e be dc 9c 	.:..^..y  .:..^...
00000752 a5 3a 9e fe 5e be dd 38   a5 3a 9e fe 5e be dd 43 	.:..^..8  .:..^..C
00000768 a5 3a 9e fe 5e be dd 4f   a5 3a 9e fe 5e be dd c4 	.:..^..O  .:..^...
00000784 a5 3a 9e fe 5e be da bd   a5 3a 9e fe 5e be dd c8 	.:..^...  .:..^...
00000800 a5 05 9e 03 64 c5 99 20   a5 05 9e 03 64 c5 9b 7e 	.␅.␃d..   .␅.␃d..~
00000816 a5 05 9e 03 64 c5 9a 0e   a5 05 9e 03 64 c5 e5 ff 	.␅.␃d..␎  .␅.␃d...
00000832 a5 05 9e 03 64 c5 e4 33   a5 05 9e 03 64 c5 e7 88 	.␅.␃d..3  .␅.␃d...
00000848 a5 05 9e 03 64 c5 e5 20   a5 05 9e 03 64 c5 e5 62 	.␅.␃d..   .␅.␃d..b
00000864 a5 05 9e 03 64 c5 e5 af   a5 05 9e 03 64 c5 e4 32 	.␅.␃d...  .␅.␃d..2
00000880 a5 05 9e 03 64 c5 e5 83   a5 05 9e 03 64 c5 9a 4d 	.␅.␃d...  .␅.␃d..M
00000896 a5 05 9e 03 64 c5 e5 ad   a5 05 9e 03 64 c5 9b 15 	.␅.␃d...  .␅.␃d..␕
00000912 a5 05 9e 03 64 c5 e5 6d   a5 05 9e 03 64 c5 e5 00 	.␅.␃d..m  .␅.␃d..␀
00000928 a5 05 9e 03 64 c5 e5 80   a5 05 9e 03 64 c5 9a 5f 	.␅.␃d...  .␅.␃d.._
00000944 a5 05 9e 03 64 c5 9a a5   a5 05 9e 03 64 c5 9b 56 	.␅.␃d...  .␅.␃d..V
00000960 a5 04 9e 00 66 f8 d1 bd   a5 04 9e 00 66 f8 ae d5 	.␄.␀f...  .␄.␀f...
00000976 a5 04 9e 00 66 f8 af bd   a5 04 9e 00 66 f8 ae ff 	.␄.␀f...  .␄.␀f...
00000992 a5 04 9e 00 66 f8 ae 19   a5 04 9e 00 66 f8 af 4a 	.␄.␀f..␙  .␄.␀f..J
00001008 a5 04 9e 00 66 f8 af 94   a5 04 9e 00 66 f8 ac b5 	.␄.␀f...  .␄.␀f...
00001024 a5 04 9e 00 66 f8 ac 4b   a5 04 9e 00 66 f8 ac 0d 	.␄.␀f..K  .␄.␀f..␍
00001040 a5 04 9e 00 66 f8 af 18   a5 04 9e 00 66 f8 af 71 	.␄.␀f..␘  .␄.␀f..q
00001056 a5 04 9e 00 66 f8 af ca   a5 04 9e 00 66 f8 af ce 	.␄.␀f...  .␄.␀f...
00001072 a5 04 9e 00 66 f8 ad 1a   a5 04 9e 00 66 f8 ac 65 	.␄.␀f..␚  .␄.␀f..e
00001088 a5 04 9e 00 66 f8 ac f3   a5 04 9e 00 66 f8 ac 8a 	.␄.␀f...  .␄.␀f...
00001104 a5 04 9e 00 66 f8 ad e9   a5 04 9e 00 66 f8 ac 27 	.␄.␀f...  .␄.␀f..'
00001120 a5 07 9e 0d 9c 0f 50 28   a5 07 9e 0d 9c 0f 56 de 	.␇.␍.␏P(  .␇.␍.␏V.
00001136 a5 07 9e 0d 9c 0f 51 22   a5 07 9e 0d 9c 0f 57 61 	.␇.␍.␏Q"  .␇.␍.␏Wa
00001152 a5 07 9e 0d 9c 0f 51 46   a5 07 9e 0d 9c 0f 51 3e 	.␇.␍.␏QF  .␇.␍.␏Q>
00001168 a5 07 9e 0d 9c 0f 51 3b   a5 07 9e 0d 9c 0f 57 c7 	.␇.␍.␏Q;  .␇.␍.␏W.
00001184 a5 07 9e 0d 9c 0f 56 b0   a5 07 9e 0d 9c 0f 57 f6 	.␇.␍.␏V.  .␇.␍.␏W.
00001200 a5 07 9e 0d 9c 0f 56 4b   a5 07 9e 0d 9c 0f 51 b6 	.␇.␍.␏VK  .␇.␍.␏Q.
00001216 a5 07 9e 0d 9c 0f 56 e0   a5 07 9e 0d 9c 0f 56 6c 	.␇.␍.␏V.  .␇.␍.␏Vl
00001232 a5 07 9e 0d 9c 0f 56 d3   a5 07 9e 0d 9c 0f 56 e8 	.␇.␍.␏V.  .␇.␍.␏V.
00001248 a5 07 9e 0d 9c 0f 51 9d   a5 07 9e 0d 9c 0f 50 35 	.␇.␍.␏Q.  .␇.␍.␏P5
00001264 a5 07 9e 0d 9c 0f 53 af   a5 07 9e 0d 9c 0f 53 93 	.␇.␍.␏S.  .␇.␍.␏S.
00001280 a5 06 9e 02 66 fa d0 20   a5 06 9e 02 66 fa d0 f1 	.␆.␂f..   .␆.␂f...
00001296 a5 06 9e 02 66 fa d1 60   a5 06 9e 02 66 fa d1 a1 	.␆.␂f..`  .␆.␂f...
00001312 a5 06 9e 02 66 fa d1 c0   a5 06 9e 02 66 fa d1 e2 	.␆.␂f...  .␆.␂f...
00001328 a5 06 9e 02 66 fa af 14   a5 06 9e 02 66 fa ae e3 	.␆.␂f..␔  .␆.␂f...
00001344 a5 06 9e 02 66 fa af a2   a5 06 9e 02 66 fa ae e0 	.␆.␂f...  .␆.␂f...
00001360 a5 06 9e 02 66 fa ae da   a5 06 9e 02 66 fa ae af 	.␆.␂f...  .␆.␂f...
00001376 a5 06 9e 02 66 fa ae 43   a5 06 9e 02 66 fa af 70 	.␆.␂f..C  .␆.␂f..p
00001392 a5 06 9e 02 66 fa ac 3a   a5 06 9e 02 66 fa af 26 	.␆.␂f..:  .␆.␂f..&
00001408 a5 06 9e 02 66 fa af 7b   a5 06 9e 02 66 fa af 87 	.␆.␂f..{  .␆.␂f...
00001424 a5 06 9e 02 66 fa ae dd   a5 06 9e 02 66 fa af 4c 	.␆.␂f...  .␆.␂f..L
00001440 a5 01 9e 07 9c 01 5a 05   a5 01 9e 07 9c 01 5a b1 	.␁.␇.␁Z␅  .␁.␇.␁Z.
00001456 a5 01 9e 07 9c 01 5b e3   a5 01 9e 07 9c 01 5b 23 	.␁.␇.␁[.  .␁.␇.␁[#
00001472 a5 01 9e 07 9c 01 5a 04   a5 01 9e 07 9c 01 5a f3 	.␁.␇.␁Z␄  .␁.␇.␁Z.
00001488 a5 01 9e 07 9c 01 5a 0e   a5 01 9e 07 9c 01 58 ec 	.␁.␇.␁Z␎  .␁.␇.␁X.
00001504 a5 01 9e 07 9c 01 58 f7   a5 01 9e 07 9c 01 5b 4d 	.␁.␇.␁X.  .␁.␇.␁[M
00001520 a5 01 9e 07 9c 01 58 fc   a5 01 9e 07 9c 01 58 44 	.␁.␇.␁X.  .␁.␇.␁XD
00001536 a5 01 9e 07 9c 01 5b 4e   a5 01 9e 07 9c 01 58 ab 	.␁.␇.␁[N  .␁.␇.␁X.
00001552 c5 01 00 20 00 00 21 5c   a5 01 9e 07 9c 01 5b 5c 	.␁␀ ␀␀!\  .␁.␇.␁[\
00001568 a5 01 9e 07 9c 01 25 d6   a5 01 9e 07 9c 01 27 f3 	.␁.␇.␁%.  .␁.␇.␁'.
00001584 a5 01 9e 07 9c 01 5f ba   a5 01 9e 07 9c 01 50 78 	.␁.␇.␁_.  .␁.␇.␁Px
00001600 a5 00 9e 04 9e 04 51 76   a5 00 9e 04 9e 04 4c 42 	.␀.␄.␄Qv  .␀.␄.␄LB
00001616 a5 00 9e 04 9e 04 49 df   a5 00 9e 04 9e 04 45 da 	.␀.␄.␄I.  .␀.␄.␄E.
00001632 a5 00 9e 04 9e 04 40 18   a5 00 9e 04 9e 04 7c ae 	.␀.␄.␄@␘  .␀.␄.␄|.
00001648 a5 00 9e 04 9e 04 76 ed   a5 00 9e 04 9e 04 77 05 	.␀.␄.␄v.  .␀.␄.␄w␅
00001664 a5 00 9e 04 9e 04 76 1a   a5 00 9e 04 9e 04 74 a5 	.␀.␄.␄v␚  .␀.␄.␄t.
00001680 a5 00 9e 04 9e 04 74 9e   a5 00 9e 04 9e 04 76 c1 	.␀.␄.␄t.  .␀.␄.␄v.
00001696 a5 00 9e 04 9e 04 76 19   a5 00 9e 04 9e 04 77 c7 	.␀.␄.␄v␙  .␀.␄.␄w.
00001712 a5 00 9e 04 9e 04 76 66   a5 00 9e 04 9e 04 79 d6 	.␀.␄.␄vf  .␀.␄.␄y.
00001728 a5 00 9e 04 9e 04 7b 23   a5 00 9e 04 9e 04 7a 81 	.␀.␄.␄{#  .␀.␄.␄z.
00001744 a5 00 9e 04 9e 04 7f 35   a5 00 9e 04 9e 04 40 b8 	.␀.␄.␄.5  .␀.␄.␄@.
00001760 a5 03 9e 01 64 fb bb cf   a5 03 9e 01 64 fb b5 5f 	.␃.␁d...  .␃.␁d.._
00001776 a5 03 9e 01 64 fb b0 9d   a5 03 9e 01 64 fb ad 25 	.␃.␁d...  .␃.␁d..%
00001792 a5 03 9e 01 64 fb af b4   a5 03 9e 01 64 fb ab 48 	.␃.␁d...  .␃.␁d..H
00001808 a5 03 9e 01 64 fb ab c6   a5 03 9e 01 64 fb a5 e1 	.␃.␁d...  .␃.␁d...
00001824 a5 03 9e 01 64 fb a4 d7   a5 03 9e 01 64 fb a6 19 	.␃.␁d...  .␃.␁d..␙
00001840 a5 03 9e 01 64 fb a3 86   a5 03 9e 01 64 fb a2 34 	.␃.␁d...  .␃.␁d..4
00001856 a5 03 9e 01 64 fb dd c7   a5 03 9e 01 64 fb dc d0 	.␃.␁d...  .␃.␁d...
00001872 a5 03 9e 01 64 fb de d8   a5 03 9e 01 64 fb d8 a2 	.␃.␁d...  .␃.␁d...
00001888 a5 03 9e 01 64 fb da da   a5 03 9e 01 64 fb d4 76 	.␃.␁d...  .␃.␁d..v
00001904 a5 03 9e 01 64 fb d6 73   a5 03 9e 01 64 fb d3 b2 	.␃.␁d..s  .␃.␁d...
00001920 a5 02 9e 06 9e 06 2e 99   a5 02 9e 06 9e 06 33 1a 	.␂.␆.␆..  .␂.␆.␆3␚
00001936 a5 02 9e 06 9e 06 32 83   a5 02 9e 06 9e 06 37 bc 	.␂.␆.␆2.  .␂.␆.␆7.
00001952 a5 02 9e 06 9e 06 36 9d   a5 02 9e 06 9e 06 38 e3 	.␂.␆.␆6.  .␂.␆.␆8.
00001968 a5 02 9e 06 9e 06 3d b9   a5 02 9e 06 9e 06 3e 69 	.␂.␆.␆=.  .␂.␆.␆>i
00001984 a5 02 9e 06 9e 06 3e 09   c5 01 00 00 00 00 01 5c 	.␂.␆.␆>␉  .␁␀␀␀␀␁\
00002000 a5 02 9e 06 9e 06 00 f9   a5 02 9e 06 9e 06 02 f7 	.␂.␆.␆␀.  .␂.␆.␆␂.
00002016 a5 02 9e 06 9e 06 02 22   a5 02 9e 06 9e 06 05 a4 	.␂.␆.␆␂"  .␂.␆.␆␅.
00002032 a5 02 9e 06 9e 06 07 6c   a5 02 9e 06 9e 06 07 4f 	.␂.␆.␆␇l  .␂.␆.␆␇O
00002048 a5 02 9e 06 9e 06 06 59   a5 02 9e 06 9e 06 09 4d 	.␂.␆.␆␆Y  .␂.␆.␆␉M
00002064 a5 02 9e 06 9e 06 06 99   a5 02 9e 06 9e 06 06 c4 	.␂.␆.␆␆.  .␂.␆.␆␆.
00002080 a5 0d 9e 0b 64 cd c2 ae   a5 0d 9e 0b 64 cd cc 16 	.␍.␋d...  .␍.␋d..␖
00002096 a5 0d 9e 0b 64 cd cd fa   a5 0d 9e 0b 64 cd cd 72 	.␍.␋d...  .␍.␋d..r
00002112 a5 0d 9e 0b 64 cd cc 34   a5 0d 9e 0b 64 cd cf 33 	.␍.␋d..4  .␍.␋d..3
00002128 a5 0d 9e 0b 64 cd ce 6f   a5 0d 9e 0b 64 cd cf 90 	.␍.␋d..o  .␍.␋d...
00002144 a5 0d 9e 0b 64 cd ce 7c   a5 0d 9e 0b 64 cd ce 88 	.␍.␋d..|  .␍.␋d...
00002160 a5 0d 9e 0b 64 cd cf ba   a5 0d 9e 0b 64 cd cd c7 	.␍.␋d...  .␍.␋d...
00002176 a5 0d 9e 0b 64 cd cc 85   a5 0d 9e 0b 64 cd cd 6a 	.␍.␋d...  .␍.␋d..j
00002192 a5 0d 9e 0b 64 cd cd a7   a5 0d 9e 0b 64 cd c2 58 	.␍.␋d...  .␍.␋d..X
00002208 a5 0d 9e 0b 64 cd c0 29   a5 0d 9e 0b 64 cd c0 20 	.␍.␋d..)  .␍.␋d.. 
00002224 a5 0d 9e 0b 64 cd c2 24   a5 0d 9e 0b 64 cd c3 c2 	.␍.␋d..$  .␍.␋d...
00002240 a5 0c 9e 08 66 c0 b7 32   a5 0c 9e 08 66 c0 b7 79 	.␌.␈f..2  .␌.␈f..y
00002256 a5 0c 9e 08 66 c0 b4 a8   a5 0c 9e 08 66 c0 b4 cc 	.␌.␈f...  .␌.␈f...
00002272 a5 0c 9e 08 66 c0 b7 fb   a5 0c 9e 08 66 c0 b2 74 	.␌.␈f...  .␌.␈f..t
00002288 a5 0c 9e 08 66 c0 b5 6b   a5 0c 9e 08 66 c0 b5 ba 	.␌.␈f..k  .␌.␈f...
00002304 a5 0c 9e 08 66 c0 b2 0c   a5 0c 9e 08 66 c0 b2 41 	.␌.␈f..␌  .␌.␈f..A
00002320 a5 0c 9e 08 66 c0 b3 2a   a5 0c 9e 08 66 c0 b3 9a 	.␌.␈f..*  .␌.␈f...
00002336 a5 0c 9e 08 66 c0 b3 6c   a5 0c 9e 08 66 c0 b1 c8 	.␌.␈f..l  .␌.␈f...
00002352 a5 0c 9e 08 66 c0 b0 ca   a5 0c 9e 08 66 c0 b0 94 	.␌.␈f...  .␌.␈f...
00002368 a5 0c 9e 08 66 c0 b1 9b   a5 0c 9e 08 66 c0 b1 f1 	.␌.␈f...  .␌.␈f...
00002384 a5 0c 9e 08 66 c0 8e 7d   a5 0c 9e 08 66 c0 b1 85 	.␌.␈f..}  .␌.␈f...
00002400 a5 0f 9e 15 9c 17 0d cb   a5 0f 9e 15 9c 17 32 d9 	.␏.␕.␗␍.  .␏.␕.␗2.
00002416 a5 0f 9e 15 9c 17 0d 4f   a5 0f 9e 15 9c 17 0d c1 	.␏.␕.␗␍O  .␏.␕.␗␍.
00002432 a5 0f 9e 15 9c 17 31 b9   a5 0f 9e 15 9c 17 32 ed 	.␏.␕.␗1.  .␏.␕.␗2.
00002448 a5 0f 9e 15 9c 17 32 32   a5 0f 9e 15 9c 17 0c fc 	.␏.␕.␗22  .␏.␕.␗␌.
00002464 a5 0f 9e 15 9c 17 0c 40   a5 0f 9e 15 9c 17 0e 68 	.␏.␕.␗␌@  .␏.␕.␗␎h
00002480 a5 0f 9e 15 9c 17 0e 88   a5 0f 9e 15 9c 17 0e 18 	.␏.␕.␗␎.  .␏.␕.␗␎␘
00002496 a5 0f 9e 15 9c 17 09 24   a5 0f 9e 15 9c 17 08 72 	.␏.␕.␗␉$  .␏.␕.␗␈r
00002512 a5 0f 9e 15 9c 17 08 dd   a5 0f 9e 15 9c 17 0b e1 	.␏.␕.␗␈.  .␏.␕.␗␋.
00002528 a5 0f 9e 15 9c 17 05 54   a5 0f 9e 15 9c 17 05 ad 	.␏.␕.␗␅T  .␏.␕.␗␅.
00002544 a5 0f 9e 15 9c 17 04 b8   a5 0f 9e 15 9c 17 07 b5 	.␏.␕.␗␄.  .␏.␕.␗␇.
00002560 a5 0e 9e 0a 66 c2 ba a2   a5 0e 9e 0a 66 c2 ba 95 	.␎.␊f...  .␎.␊f...
00002576 a5 0e 9e 0a 66 c2 ba cb   a5 0e 9e 0a 66 c2 ba 83 	.␎.␊f...  .␎.␊f...
00002592 a5 0e 9e 0a 66 c2 bb f5   a5 0e 9e 0a 66 c2 ba f1 	.␎.␊f...  .␎.␊f...
00002608 a5 0e 9e 0a 66 c2 ba 40   a5 0e 9e 0a 66 c2 ba 0a 	.␎.␊f..@  .␎.␊f..␊
00002624 a5 0e 9e 0a 66 c2 bb 37   a5 0e 9e 0a 66 c2 bb 8f 	.␎.␊f..7  .␎.␊f...
00002640 a5 0e 9e 0a 66 c2 bb 17   a5 0e 9e 0a 66 c2 bb 53 	.␎.␊f..␗  .␎.␊f..S
00002656 a5 0e 9e 0a 66 c2 b8 25   a5 0e 9e 0a 66 c2 bb 82 	.␎.␊f..%  .␎.␊f...
00002672 a5 0e 9e 0a 66 c2 b8 dd   a5 0e 9e 0a 66 c2 b8 a6 	.␎.␊f...  .␎.␊f...
00002688 a5 0e 9e 0a 66 c2 b8 93   a5 0e 9e 0a 66 c2 b4 2f 	.␎.␊f...  .␎.␊f../
00002704 a5 0e 9e 0a 66 c2 b7 26   a5 0e 9e 0a 66 c2 b4 72 	.␎.␊f..&  .␎.␊f..r
00002720 a5 09 9e 0f 9c 09 02 e9   a5 09 9e 0f 9c 09 03 3a 	.␉.␏.␉␂.  .␉.␏.␉␃:
00002736 a5 09 9e 0f 9c 09 03 e4   a5 09 9e 0f 9c 09 00 0c 	.␉.␏.␉␃.  .␉.␏.␉␀␌
00002752 a5 09 9e 0f 9c 09 02 de   a5 09 9e 0f 9c 09 00 57 	.␉.␏.␉␂.  .␉.␏.␉␀W
00002768 a5 09 9e 0f 9c 09 03 0e   a5 09 9e 0f 9c 09 02 b7 	.␉.␏.␉␃␎  .␉.␏.␉␂.
00002784 a5 09 9e 0f 9c 09 03 6a   a5 09 9e 0f 9c 09 03 33 	.␉.␏.␉␃j  .␉.␏.␉␃3
00002800 a5 09 9e 0f 9c 09 03 0f   a5 09 9e 0f 9c 09 03 68 	.␉.␏.␉␃␏  .␉.␏.␉␃h
00002816 a5 09 9e 0f 9c 09 02 b2   a5 09 9e 0f 9c 09 03 ec 	.␉.␏.␉␂.  .␉.␏.␉␃.
00002832 a5 09 9e 0f 9c 09 03 f3   a5 09 9e 0f 9c 09 02 b7 	.␉.␏.␉␃.  .␉.␏.␉␂.
00002848 a5 09 9e 0f 9c 09 03 ae   a5 09 9e 0f 9c 09 02 8a 	.␉.␏.␉␃.  .␉.␏.␉␂.
00002864 a5 09 9e 0f 9c 09 0d f3   a5 09 9e 0f 9c 09 03 04 	.␉.␏.␉␍.  .␉.␏.␉␃␄
00002880 a5 08 9e 0c 9e 0c 07 23   a5 08 9e 0c 9e 0c 06 c9 	.␈.␌.␌␇#  .␈.␌.␌␆.
