
a5 09 9e 0f 9c 09 aa bd   a5 08 9e 0c 9e 0c af 2b
a5 08 9e 0c 9e 0c ae 2b   a5 08 9e 0c 9e 0c b1 76
a5 08 9e 0c 9e 0c b1 68   a5 08 9e 0c 9e 0c b0 d6
a5 08 9e 0c 9e 0c b0 40   a5 08 9e 0c 9e 0c b3 49
a5 08 9e 0c 9e 0c b1 bd   a5 08 9e 0c 9e 0c af 1a
a5 08 9e 0c 9e 0c ac 07   a5 08 9e 0c 9e 0c ab 1f
a5 08 9e 0c 9e 0c aa be   a5 08 9e 0c 9e 0c ad a9
a5 08 9e 0c 9e 0c ad aa   a5 08 9e 0c 9e 0c ad 59
a5 08 9e 0c 9e 0c ac df   a5 08 9e 0c 9e 0c af d5
a5 08 9e 0c 9e 0c af bd   a5 08 9e 0c 9e 0c ae b1
a5 08 9e 0c 9e 0c ae de   a5 0b 9e 09 64 c3 0d 52
a5 0b 9e 09 64 c3 0d ec   a5 0b 9e 09 64 c3 0c 2f
a5 0b 9e 09 64 c3 0d df   a5 0b 9e 09 64 c3 0c b4
a5 0b 9e 09 64 c3 0c 51   a5 0b 9e 09 64 c3 0c f2
a5 0b 9e 09 64 c3 0f 59   a5 0b 9e 09 64 c3 0c 88
a5 0b 9e 09 64 c3 0c 74   a5 0b 9e 09 64 c3 13 12
a5 0b 9e 09 64 c3 10 a9   a5 0b 9e 09 64 c3 17 84
a5 0b 9e 09 64 c3 11 7f   a5 0b 9e 09 64 c3 11 88
a5 0b 9e 09 64 c3 10 1f   a5 0b 9e 09 64 c3 10 c7
a5 0b 9e 09 64 c3 10 ac   a5 0b 9e 09 64 c3 13 8f
a5 0b 9e 09 64 c3 12 ab   a5 0a 9e 0e 9e 0e b1 02
a5 0a 9e 0e 9e 0e b1 59   a5 0a 9e 0e 9e 0e b1 28
a5 0a 9e 0e 9e 0e b1 90   a5 0a 9e 0e 9e 0e b1 7b
a5 0a 9e 0e 9e 0e b1 5f   a5 0a 9e 0e 9e 0e b1 29
a5 0a 9e 0e 9e 0e b0 5b   a5 0a 9e 0e 9e 0e b0 71
a5 0a 9e 0e 9e 0e b0 3a   a5 0a 9e 0e 9e 0e b3 48
a5 0a 9e 0e 9e 0e b2 ce   a5 0a 9e 0e 9e 0e b3 f1
a5 0a 9e 0e 9e 0e b1 52   a5 0a 9e 0e 9e 0e ae ae
a5 0a 9e 0e 9e 0e ac f2   a5 0a 9e 0e 9e 0e aa e1
a5 0a 9e 0e 9e 0e aa 89   a5 0a 9e 0e 9e 0e ad 9b
a5 0a 9e 0e 9e 0e ad c4   a5 15 9e 13 64 d5 69 f3
a5 15 9e 13 64 d5 68 59   a5 15 9e 13 64 d5 68 63
a5 15 9e 13 64 d5 68 40   a5 15 9e 13 64 d5 6b c5
a5 15 9e 13 64 d5 6b 81   c5 01 00 20 00 00 21 5c
a5 15 9e 13 64 d5 6b 97   a5 15 9e 13 64 d5 6a 01
a5 15 9e 13 64 d5 6a d2   a5 15 9e 13 64 d5 6a 80
a5 15 9e 13 64 d5 6a 44   a5 15 9e 13 64 d5 75 5b
a5 15 9e 13 64 d5 75 95   a5 15 9e 13 64 d5 74 86
a5 15 9e 13 64 d5 74 95   a5 15 9e 13 64 d5 77 20
a5 15 9e 13 64 d5 77 69   a5 15 9e 13 64 d5 77 f6
a5 15 9e 13 64 d5 77 ae   a5 14 9e 10 66 c8 00 5f
a5 14 9e 10 66 c8 03 15   a5 14 9e 10 66 c8 03 ff
a5 14 9e 10 66 c8 01 8c   a5 14 9e 10 66 c8 1c 03
a5 14 9e 10 66 c8 1b 99   a5 14 9e 10 66 c8 1a a8
a5 14 9e 10 66 c8 1a ee   a5 14 9e 10 66 c8 1a 0f
a5 14 9e 10 66 c8 1d aa   a5 14 9e 10 66 c8 1a e1
a5 14 9e 10 66 c8 1a fd   a5 14 9e 10 66 c8 1a bd
a5 14 9e 10 66 c8 1a cc   a5 14 9e 10 66 c8 1d 6e
a5 14 9e 10 66 c8 1c 74   a5 14 9e 10 66 c8 1a ab
a5 14 9e 10 66 c8 1d 3f   a5 14 9e 10 66 c8 1d 7d
c5 01 00 00 00 00 01 5c   a5 17 9e 1d 9c 1f a1 22
a5 17 9e 1d 9c 1f a0 c8   a5 17 9e 1d 9c 1f a0 da
a5 17 9e 1d 9c 1f a3 9b   a5 17 9e 1d 9c 1f a3 e5
a5 17 9e 1d 9c 1f a3 76   a5 17 9e 1d 9c 1f a3 28
a5 17 9e 1d 9c 1f a2 ec   c5 01 00 20 00 00 21 5c
a5 17 9e 1d 9c 1f a2 90   a5 17 9e 1d 9c 1f a2 f3
a5 17 9e 1d 9c 1f a2 54   c5 01 00 00 00 00 01 5c
c5 01 00 20 00 00 21 5c   a5 17 9e 1d 9c 1f a2 55
a5 17 9e 1d 9c 1f bd 66   c5 01 00 00 00 00 01 5c
c5 01 00 20 00 00 21 5c   a5 17 9e 1d 9c 1f bc e8
a5 17 9e 1d 9c 1f bc e9   a5 16 9e 12 66 ca 00 01
a5 16 9e 12 66 ca 00 7f   a5 16 9e 12 66 ca 00 59
a5 16 9e 12 66 ca 00 56   a5 16 9e 12 66 ca 03 a2
a5 16 9e 12 66 ca 03 c8   a5 16 9e 12 66 ca 03 4d
a5 16 9e 12 66 ca 03 86   a5 16 9e 12 66 ca 02 b3
c5 01 00 00 00 00 01 5c   a5 16 9e 12 66 ca 02 ec
a5 16 9e 12 66 ca 02 3c   a5 16 9e 12 66 ca 02 26
a5 16 9e 12 66 ca 03 60   a5 16 9e 12 66 ca 02 d6
a5 16 9e 12 66 ca 05 a6   a5 16 9e 12 66 ca 02 6f
c5 01 00 40 00 00 41 5c   a5 16 9e 12 66 ca 05 1f
a5 16 9e 12 66 ca 04 84   a5 11 9e 17 9c 11 b1 e0
a5 11 9e 17 9c 11 b3 0b   a5 11 9e 17 9c 11 bd ae
a5 11 9e 17 9c 11 bc 89   a5 11 9e 17 9c 11 be c6
a5 11 9e 17 9c 11 be f3   a5 11 9e 17 9c 11 be b4
a5 11 9e 17 9c 11 bf 16   a5 11 9e 17 9c 11 bf fd
a5 11 9e 17 9c 11 bd 18   a5 11 9e 17 9c 11 b2 25
a5 11 9e 17 9c 11 b2 5f   a5 11 9e 17 9c 11 b3 30
a5 11 9e 17 9c 11 b2 9b   a5 11 9e 17 9c 11 b2 1e
a5 11 9e 17 9c 11 b2 ec   a5 11 9e 17 9c 11 b0 94
a5 11 9e 17 9c 11 b1 ff   a5 11 9e 17 9c 11 b7 f5
a5 11 9e 17 9c 11 b5 3c   a5 10 9e 14 9e 14 ae 1a
a5 10 9e 14 9e 14 af 44   a5 10 9e 14 9e 14 ac e2
a5 10 9e 14 9e 14 ad 89   a5 10 9e 14 9e 14 aa 0c
a5 10 9e 14 9e 14 ab 6c   a5 10 9e 14 9e 14 a8 39
a5 10 9e 14 9e 14 a9 29   a5 10 9e 14 9e 14 a9 23
a5 10 9e 14 9e 14 a6 1a   a5 10 9e 14 9e 14 a6 68
a5 10 9e 14 9e 14 a7 54   a5 10 9e 14 9e 14 a7 a7
a5 10 9e 14 9e 14 a4 ab   a5 10 9e 14 9e 14 a5 c0
a5 10 9e 14 9e 14 a2 0c   a5 10 9e 14 9e 14 a2 23
a5 10 9e 14 9e 14 a3 ad   a5 10 9e 14 9e 14 a0 7b
a5 10 9e 14 9e 14 a0 c1   a5 13 9e 11 64 cb 1d 08
a5 13 9e 11 64 cb 63 e8   a5 13 9e 11 64 cb 63 8f
a5 13 9e 11 64 cb 63 08   a5 13 9e 11 64 cb 60 ab
a5 13 9e 11 64 cb 61 23   a5 13 9e 11 64 cb 66 b9
a5 13 9e 11 64 cb 67 39   a5 13 9e 11 64 cb 64 47
a5 13 9e 11 64 cb 64 3b   a5 13 9e 11 64 cb 65 79
a5 13 9e 11 64 cb 65 04   a5 13 9e 11 64 cb 6a 2b
a5 13 9e 11 64 cb 6b 80   a5 13 9e 11 64 cb 6a 96
a5 13 9e 11 64 cb 68 7e   a5 13 9e 11 64 cb 69 d1
a5 13 9e 11 64 cb 69 01   a5 13 9e 11 64 cb 69 7f
a5 13 9e 11 64 cb 6e 3f   a5 12 9e 16 9e 16 d1 ec
a5 12 9e 16 9e 16 ce 72   a5 12 9e 16 9e 16 cf f1
a5 12 9e 16 9e 16 cf 3c   a5 12 9e 16 9e 16 cd 40
a5 12 9e 16 9e 16 c8 5a   a5 12 9e 16 9e 16 c6 76
a5 12 9e 16 9e 16 c7 96   a5 12 9e 16 9e 16 c5 4c
a5 12 9e 16 9e 16 c3 1f   a5 12 9e 16 9e 16 c3 ff
a5 12 9e 16 9e 16 ff d8   a5 12 9e 16 9e 16 fb 84
a5 12 9e 16 9e 16 f9 d0   a5 12 9e 16 9e 16 f4 39
a5 12 9e 16 9e 16 ee 6f   a5 12 9e 16 9e 16 ee 42
a5 12 9e 16 9e 16 ec 38   a5 12 9e 16 9e 16 ec ca
a5 12 9e 16 9e 16 eb 83   a5 1d 9e 1b 64 dd 2f df
a5 1d 9e 1b 64 dd 29 37   a5 1d 9e 1b 64 dd 2d cf
a5 1d 9e 1b 64 dd 22 1d   a5 1d 9e 1b 64 dd 2d 8b
a5 1d 9e 1b 64 dd 26 cb   a5 1d 9e 1b 64 dd 27 67
a5 1d 9e 1b 64 dd d9 9f   a5 1d 9e 1b 64 dd d9 9a
a5 1d 9e 1b 64 dd dd 1f   a5 1d 9e 1b 64 dd dc da
a5 1d 9e 1b 64 dd d3 b8   a5 1d 9e 1b 64 dd d0 7d
a5 1d 9e 1b 64 dd d4 4f   a5 1d 9e 1b 64 dd d1 ed
a5 1d 9e 1b 64 dd d5 2c   a5 1d 9e 1b 64 dd d5 3c
a5 1d 9e 1b 64 dd cb a6   c5 01 00 00 00 00 01 5c
a5 1d 9e 1b 64 dd c2 ce   a5 1c 9e 18 66 d0 b5 00
a5 1c 9e 18 66 d0 8e ec   a5 1c 9e 18 66 d0 8f 16
a5 1c 9e 18 66 d0 8c 3e   a5 1c 9e 18 66 d0 89 70
a5 1c 9e 18 66 d0 82 ae   a5 1c 9e 18 66 d0 81 b4
a5 1c 9e 18 66 d0 9f 1e   a5 1c 9e 18 66 d0 9c 0f
a5 1c 9e 18 66 d0 98 07   a5 1c 9e 18 66 d0 97 c2
a5 1c 9e 18 66 d0 92 b6   a5 1c 9e 18 66 d0 92 eb
a5 1c 9e 18 66 d0 97 05   a5 1c 9e 18 66 d0 94 45
a5 1c 9e 18 66 d0 95 2f   a5 1c 9e 18 66 d0 97 d7
a5 1c 9e 18 66 d0 96 13   a5 1c 9e 18 66 d0 97 57
a5 1c 9e 18 66 d0 99 8f   a5 1f 9e e5 5c a7 aa 55
a5 1f 9e e5 5c a7 a5 bb   a5 1f 9e e5 5c a7 aa 32
a5 1f 9e e5 5c a7 a5 ca   a5 1f 9e e5 5c a7 a5 10
a5 1f 9e e5 5c a7 a4 d7   a5 1f 9e e5 5c a7 a4 e8
a5 1f 9e e5 5c a7 a4 1d   a5 1f 9e e5 5c a7 a5 2b
a5 1f 9e e5 5c a7 a4 03   a5 1f 9e e5 5c a7 a4 38
a5 1f 9e e5 5c a7 a4 76   a5 1f 9e e5 5c a7 a7 af
a5 1f 9e e5 5c a7 a7 e0   a5 1f 9e e5 5c a7 a4 60
a5 1f 9e e5 5c a7 a5 6f   a5 1f 9e e5 5c a7 ab e8
a5 1f 9e e5 5c a7 a8 d5   a5 1f 9e e5 5c a7 a8 5e
a5 1f 9e e5 5c a7 a8 a3   a5 1e 9e 1a 66 d2 95 0a
a5 1e 9e 1a 66 d2 95 bc   a5 1e 9e 1a 66 d2 93 d1
a5 1e 9e 1a 66 d2 91 d0   a5 1e 9e 1a 66 d2 91 67
a5 1e 9e 1a 66 d2 91 0e   a5 1e 9e 1a 66 d2 ef 37
a5 1e 9e 1a 66 d2 ec 66   a5 1e 9e 1a 66 d2 ee 80
a5 1e 9e 1a 66 d2 ef 46   a5 1e 9e 1a 66 d2 ee a5
a5 1e 9e 1a 66 d2 ee df   a5 1e 9e 1a 66 d2 ee 2d
a5 1e 9e 1a 66 d2 ee c7   a5 1e 9e 1a 66 d2 ee 7c
a5 1e 9e 1a 66 d2 91 37   a5 1e 9e 1a 66 d2 90 0f
c5 01 01 00 00 00 02 5c   a5 1e 9e 1a 66 d2 93 30
a5 1e 9e 1a 66 d2 91 a3   a5 19 9e 1f 9c 19 23 60
a5 19 9e 1f 9c 19 22 44   a5 19 9e 1f 9c 19 2f 5f
a5 19 9e 1f 9c 19 29 b3   a5 19 9e 1f 9c 19 2b 6e
a5 19 9e 1f 9c 19 34 47   a5 19 9e 1f 9c 19 36 aa
a5 19 9e 1f 9c 19 30 8d   a5 19 9e 1f 9c 19 32 ad
a5 19 9e 1f 9c 19 3f 3e   a5 19 9e 1f 9c 19 30 0c
a5 19 9e 1f 9c 19 36 89   a5 19 9e 1f 9c 19 37 a7
a5 19 9e 1f 9c 19 2a 23   a5 19 9e 1f 9c 19 2f c8
a5 19 9e 1f 9c 19 2b 17   a5 19 9e 1f 9c 19 34 68
a5 19 9e 1f 9c 19 37 f4   a5 19 9e 1f 9c 19 36 b4
a5 19 9e 1f 9c 19 31 ea   a5 18 9e 1c 9e 1c 39 e8
a5 18 9e 1c 9e 1c 38 f0   c5 01 00 00 00 00 01 5c
c5 01 01 00 00 00 02 5c   a5 18 9e 1c 9e 1c 3f 7e
a5 18 9e 1c 9e 1c 3e 11   c5 01 00 00 00 00 01 5c
c5 01 01 00 00 00 02 5c   a5 18 9e 1c 9e 1c 3a e4
a5 18 9e 1c 9e 1c 36 1f   c5 01 00 00 00 00 01 5c
c5 01 01 00 00 00 02 5c   c5 01 00 00 00 00 01 5c
a5 18 9e 1c 9e 1c 30 5f   a5 18 9e 1c 9e 1c 31 c8
c5 01 01 00 00 00 02 5c   c5 01 00 00 00 00 01 5c
a5 18 9e 1c 9e 1c 35 af   a5 18 9e 1c 9e 1c 34 bd
a5 18 9e 1c 9e 1c 37 03   a5 1b 9e 19 64 d3 8b 87
a5 1b 9e 19 64 d3 8c a4   a5 1b 9e 19 64 d3 93 ef
a5 1b 9e 19 64 d3 97 70   a5 1b 9e 19 64 d3 9b 41
a5 1b 9e 19 64 d3 9b 53   a5 1b 9e 19 64 d3 94 32
c5 01 01 00 00 00 02 5c   a5 1b 9e 19 64 d3 96 c3
a5 1b 9e 19 64 d3 91 62   a5 1b 9e 19 64 d3 90 5a
a5 1b 9e 19 64 d3 8d 2b   a5 1b 9e 19 64 d3 89 9a
a5 1b 9e 19 64 d3 8b 7b   a5 1b 9e 19 64 d3 85 10
a5 1b 9e 19 64 d3 87 50   a5 1b 9e 19 64 d3 80 80
a5 1b 9e 19 64 d3 83 8a   a5 1b 9e 19 64 d3 bd 75
a5 1b 9e 19 64 d3 be e6   a5 1a 9e 1e 9e 1e 07 fe
a5 1a 9e 1e 9e 1e 06 6f   a5 1a 9e 1e 9e 1e 0b 34
a5 1a 9e 1e 9e 1e 0b 67   a5 1a 9e 1e 9e 1e 0d 44
a5 1a 9e 1e 9e 1e 0e bc   a5 1a 9e 1e 9e 1e 11 bf
a5 1a 9e 1e 9e 1e 0e b0   a5 1a 9e 1e 9e 1e 0b 41
a5 1a 9e 1e 9e 1e 0b d0   a5 1a 9e 1e 9e 1e 06 11
a5 1a 9e 1e 9e 1e 0b ca   a5 1a 9e 1e 9e 1e 05 5f
a5 1a 9e 1e 9e 1e 03 9d   a5 1a 9e 1e 9e 1e 01 e8
a5 1a 9e 1e 9e 1e 03 15   a5 1a 9e 1e 9e 1e 07 d4
a5 1a 9e 1e 9e 1e 07 85   a5 1a 9e 1e 9e 1e 0b df
a5 1a 9e 1e 9e 1e 0c 9b   a5 65 9e a3 a4 a5 4b ea
c5 01 00 00 00 00 01 5c   a5 65 9e a3 a4 a5 56 92
a5 65 9e a3 a4 a5 4a d4   a5 65 9e a3 a4 a5 4e c4
a5 65 9e a3 a4 a5 42 c0   a5 65 9e a3 a4 a5 40 91
a5 65 9e a3 a4 a5 41 25   a5 65 9e a3 a4 a5 46 40
a5 65 9e a3 a4 a5 40 7b   a5 65 9e a3 a4 a5 41 93
a5 65 9e a3 a4 a5 43 fe   a5 65 9e a3 a4 a5 40 32
a5 65 9e a3 a4 a5 43 e0   a5 65 9e a3 a4 a5 42 c8
a5 65 9e a3 a4 a5 40 97   a5 65 9e a3 a4 a5 43 e9
a5 65 9e a3 a4 a5 43 96   c5 01 00 80 00 00 81 5c
a5 65 9e a3 a4 a5 43 eb   a5 64 9e a0 a6 d8 7b 0f
a5 64 9e a0 a6 d8 7b f4   a5 64 9e a0 a6 d8 78 83
a5 64 9e a0 a6 d8 78 2f   a5 64 9e a0 a6 d8 7b 1b
a5 64 9e a0 a6 d8 7b 3a   a5 64 9e a0 a6 d8 76 88
a5 64 9e a0 a6 d8 7b 84   a5 64 9e a0 a6 d8 79 9c
a5 64 9e a0 a6 d8 79 bb   a5 64 9e a0 a6 d8 79 8d
a5 64 9e a0 a6 d8 7b 79   a5 64 9e a0 a6 d8 79 e2
a5 64 9e a0 a6 d8 7d 6b   a5 64 9e a0 a6 d8 7a 33
a5 64 9e a0 a6 d8 79 a7   a5 64 9e a0 a6 d8 76 a2
a5 64 9e a0 a6 d8 77 d4   a5 64 9e a0 a6 d8 75 c9
a5 64 9e a0 a6 d8 70 9e   a5 67 9e ad dc ef b3 55
a5 67 9e ad dc ef b0 b4   a5 67 9e ad dc ef b7 7f
a5 67 9e ad dc ef b4 5b   a5 67 9e ad dc ef b5 a1
a5 67 9e ad dc ef b8 5a   a5 67 9e ad dc ef bf 5b
c5 01 00 00 00 00 01 5c   a5 67 9e ad dc ef a2 80
a5 67 9e ad dc ef a0 4e   a5 67 9e ad dc ef a3 c6
c5 01 00 80 00 00 81 5c   c5 01 00 00 00 00 01 5c
c5 01 00 80 00 00 81 5c   a5 67 9e ad dc ef a1 15
c5 01 00 00 00 00 01 5c   c5 01 00 80 00 00 81 5c
a5 67 9e ad dc ef a8 97   a5 67 9e ad dc ef a8 c5
c5 01 00 00 00 00 01 5c   c5 01 00 80 00 00 81 5c
c5 01 00 00 00 00 01 5c   a5 66 9e a2 a6 da 2e ee
a5 66 9e a2 a6 da 51 27   c5 01 00 80 00 00 81 5c
c5 01 00 00 00 00 01 5c   a5 66 9e a2 a6 da 2f 17
a5 66 9e a2 a6 da 2c f9   c5 01 00 80 00 00 81 5c
c5 01 00 00 00 00 01 5c   a5 66 9e a2 a6 da 2d bd
a5 66 9e a2 a6 da 2b d6   c5 01 00 80 00 00 81 5c
a5 66 9e a2 a6 da 2b 89   a5 66 9e a2 a6 da 29 7e
a5 66 9e a2 a6 da 24 dc   a5 66 9e a2 a6 da 23 f8
c5 01 00 00 00 00 01 5c   a5 66 9e a2 a6 da 3c cd
a5 66 9e a2 a6 da 3a 07   a5 61 9e a7 dc e1 cf a2
a5 61 9e a7 dc e1 cf f9   a5 61 9e a7 dc e1 cc e6
a5 61 9e a7 dc e1 cc 55   a5 61 9e a7 dc e1 cd 7d
a5 61 9e a7 dc e1 cd a5   a5 61 9e a7 dc e1 c2 ad
a5 61 9e a7 dc e1 c3 cb   a5 61 9e a7 dc e1 c3 f3
a5 61 9e a7 dc e1 c3 4e   a5 61 9e a7 dc e1 c1 a3
a5 61 9e a7 dc e1 c0 11   a5 61 9e a7 dc e1 c6 c7
a5 61 9e a7 dc e1 c6 44   a5 61 9e a7 dc e1 c7 ef
a5 61 9e a7 dc e1 c4 14   a5 61 9e a7 dc e1 c5 8e
a5 61 9e a7 dc e1 c5 02   a5 61 9e a7 dc e1 fa 1b
a5 61 9e a7 dc e1 c4 c2   a5 60 9e a4 de e4 c0 67
a5 60 9e a4 de e4 c3 ba   a5 60 9e a4 de e4 c2 d1
a5 60 9e a4 de e4 c6 4f   a5 60 9e a4 de e4 c6 01
a5 60 9e a4 de e4 c9 e1   a5 60 9e a4 de e4 ca 09
a5 60 9e a4 de e4 c8 ec   a5 60 9e a4 de e4 cd 03
a5 60 9e a4 de e4 cd 71   c5 01 00 80 00 00 81 5c
c5 01 00 00 00 00 01 5c   a5 60 9e a4 de e4 cb ab
a5 60 9e a4 de e4 c9 a5   c5 01 00 80 00 00 81 5c
c5 01 00 00 00 00 01 5c   c5 01 00 80 00 00 81 5c
a5 60 9e a4 de e4 c2 e5   a5 60 9e a4 de e4 fe f0
c5 01 00 00 00 00 01 5c   c5 01 00 80 00 00 81 5c
a5 63 9e a1 a4 db 08 40   a5 63 9e a1 a4 db 08 bb
c5 01 00 00 00 00 01 5c   a5 63 9e a1 a4 db 13 df
a5 63 9e a1 a4 db 10 d2   a5 63 9e a1 a4 db 16 79
a5 63 9e a1 a4 db 11 90   a5 63 9e a1 a4 db 16 df
a5 63 9e a1 a4 db 14 23   a5 63 9e a1 a4 db 17 8a
a5 63 9e a1 a4 db 14 00   a5 63 9e a1 a4 db 14 75
a5 63 9e a1 a4 db 14 54   a5 63 9e a1 a4 db 1a 90
a5 63 9e a1 a4 db 1b b5   a5 63 9e a1 a4 db 19 18
a5 63 9e a1 a4 db 18 1d   a5 63 9e a1 a4 db 19 41
a5 63 9e a1 a4 db 1a 80   c5 01 00 80 00 00 81 5c
c5 01 00 00 00 00 01 5c   a5 62 9e a6 de e6 e8 0c
a5 62 9e a6 de e6 ea 49   a5 62 9e a6 de e6 ea 8f
a5 62 9e a6 de e6 ed 6f   a5 62 9e a6 de e6 ee 74
a5 62 9e a6 de e6 f3 c9   a5 62 9e a6 de e6 f3 8a
a5 62 9e a6 de e6 f4 5b   a5 62 9e a6 de e6 f6 d7
a5 62 9e a6 de e6 f9 d5   a5 62 9e a6 de e6 f6 13
a5 62 9e a6 de e6 f6 bd   a5 62 9e a6 de e6 f6 95
a5 62 9e a6 de e6 f6 5c   a5 62 9e a6 de e6 f7 6a
a5 62 9e a6 de e6 f4 41   a5 62 9e a6 de e6 f7 60
a5 62 9e a6 de e6 f9 fa   a5 6d 9e ab a4 ad 32 08
a5 6d 9e ab a4 ad 3d 73   a5 6d 9e ab a4 ad 3d ee
a5 6d 9e ab a4 ad 32 47   a5 6d 9e ab a4 ad 33 bf
a5 6d 9e ab a4 ad 33 fe   a5 6d 9e ab a4 ad 32 34
a5 6d 9e ab a4 ad 36 26   a5 6d 9e ab a4 ad 37 3e
a5 6d 9e ab a4 ad 34 62   a5 6d 9e ab a4 ad 36 07
a5 6d 9e ab a4 ad 37 a1   a5 6d 9e ab a4 ad 34 b1
a5 6d 9e ab a4 ad 34 e0   a5 6d 9e ab a4 ad 35 87
a5 6d 9e ab a4 ad 2b 05   a5 6d 9e ab a4 ad 34 46
a5 6d 9e ab a4 ad 37 67   a5 6d 9e ab a4 ad 30 9f
a5 6d 9e ab a4 ad 33 8e   a5 6c 9e a8 a6 a0 44 b4
a5 6c 9e a8 a6 a0 47 09   a5 6c 9e a8 a6 a0 48 ba
a5 6c 9e a8 a6 a0 4b 5c   a5 6c 9e a8 a6 a0 4c 56
a5 6c 9e a8 a6 a0 4a 7f   a5 6c 9e a8 a6 a0 4e 26
a5 6c 9e a8 a6 a0 70 da   a5 6c 9e a8 a6 a0 70 94
a5 6c 9e a8 a6 a0 75 7b   a5 6c 9e a8 a6 a0 72 57
a5 6c 9e a8 a6 a0 70 b4   a5 6c 9e a8 a6 a0 70 3a
a5 6c 9e a8 a6 a0 71 e3   a5 6c 9e a8 a6 a0 71 d5
a5 6c 9e a8 a6 a0 4f 35   a5 6c 9e a8 a6 a0 4f f9
a5 6c 9e a8 a6 a0 4f c3   a5 6c 9e a8 a6 a0 4c 55
a5 6f 9e b5 dc f7 f1 75   a5 6f 9e b5 dc f7 f6 a7
a5 6f 9e b5 dc f7 f1 46   a5 6f 9e b5 dc f7 f7 8d
a5 6f 9e b5 dc f7 f6 0e   a5 6f 9e b5 dc f7 f7 26
a5 6f 9e b5 dc f7 f4 12   a5 6f 9e b5 dc f7 f4 46
a5 6f 9e b5 dc f7 fa 07   a5 6f 9e b5 dc f7 f5 4c
a5 6f 9e b5 dc f7 fa 23   a5 6f 9e b5 dc f7 f4 f2
a5 6f 9e b5 dc f7 f4 12   a5 6f 9e b5 dc f7 f5 e8
a5 6f 9e b5 dc f7 fa d0   a5 6f 9e b5 dc f7 fa 4f
a5 6f 9e b5 dc f7 fb 94   a5 6f 9e b5 dc f7 f5 7b
a5 6f 9e b5 dc f7 f4 4e   a5 6f 9e b5 dc f7 f1 57
a5 6e 9e aa a6 a2 4c 97   a5 6e 9e aa a6 a2 4f 5d
a5 6e 9e aa a6 a2 71 1f   a5 6e 9e aa a6 a2 73 34
a5 6e 9e aa a6 a2 72 e4   a5 6e 9e aa a6 a2 74 48
a5 6e 9e aa a6 a2 74 10   a5 6e 9e aa a6 a2 74 8d
a5 6e 9e aa a6 a2 77 8f   a5 6e 9e aa a6 a2 76 88
