Waiting zoom and focus

00000000 a5 09 9e 0f 9c 09 aa bd   a5 08 9e 0c 9e 0c af 2b 	.␉.␏.␉..  .␈.␌.␌.+
00000016 a5 08 9e 0c 9e 0c ae 2b   a5 08 9e 0c 9e 0c b1 76 	.␈.␌.␌.+  .␈.␌.␌.v
00000032 a5 08 9e 0c 9e 0c b1 68   a5 08 9e 0c 9e 0c b0 d6 	.␈.␌.␌.h  .␈.␌.␌..
00000048 a5 08 9e 0c 9e 0c b0 40   a5 08 9e 0c 9e 0c b3 49 	.␈.␌.␌.@  .␈.␌.␌.I
00000064 a5 08 9e 0c 9e 0c b1 bd   a5 08 9e 0c 9e 0c af 1a 	.␈.␌.␌..  .␈.␌.␌.␚
00000080 a5 08 9e 0c 9e 0c ac 07   a5 08 9e 0c 9e 0c ab 1f 	.␈.␌.␌.␇  .␈.␌.␌.␟
00000096 a5 08 9e 0c 9e 0c aa be   a5 08 9e 0c 9e 0c ad a9 	.␈.␌.␌..  .␈.␌.␌..
00000112 a5 08 9e 0c 9e 0c ad aa   a5 08 9e 0c 9e 0c ad 59 	.␈.␌.␌..  .␈.␌.␌.Y
00000128 a5 08 9e 0c 9e 0c ac df   a5 08 9e 0c 9e 0c af d5 	.␈.␌.␌..  .␈.␌.␌..
00000144 a5 08 9e 0c 9e 0c af bd   a5 08 9e 0c 9e 0c ae b1 	.␈.␌.␌..  .␈.␌.␌..
00000160 a5 08 9e 0c 9e 0c ae de   a5 0b 9e 09 64 c3 0d 52 	.␈.␌.␌..  .␋.␉d.␍R
00000176 a5 0b 9e 09 64 c3 0d ec   a5 0b 9e 09 64 c3 0c 2f 	.␋.␉d.␍.  .␋.␉d.␌/
00000192 a5 0b 9e 09 64 c3 0d df   a5 0b 9e 09 64 c3 0c b4 	.␋.␉d.␍.  .␋.␉d.␌.
00000208 a5 0b 9e 09 64 c3 0c 51   a5 0b 9e 09 64 c3 0c f2 	.␋.␉d.␌Q  .␋.␉d.␌.
00000224 a5 0b 9e 09 64 c3 0f 59   a5 0b 9e 09 64 c3 0c 88 	.␋.␉d.␏Y  .␋.␉d.␌.
00000240 a5 0b 9e 09 64 c3 0c 74   a5 0b 9e 09 64 c3 13 12 	.␋.␉d.␌t  .␋.␉d.␓␒
00000256 a5 0b 9e 09 64 c3 10 a9   a5 0b 9e 09 64 c3 17 84 	.␋.␉d.␐.  .␋.␉d.␗.
00000272 a5 0b 9e 09 64 c3 11 7f   a5 0b 9e 09 64 c3 11 88 	.␋.␉d.␑.  .␋.␉d.␑.
00000288 a5 0b 9e 09 64 c3 10 1f   a5 0b 9e 09 64 c3 10 c7 	.␋.␉d.␐␟  .␋.␉d.␐.
00000304 a5 0b 9e 09 64 c3 10 ac   a5 0b 9e 09 64 c3 13 8f 	.␋.␉d.␐.  .␋.␉d.␓.
00000320 a5 0b 9e 09 64 c3 12 ab   a5 0a 9e 0e 9e 0e b1 02 	.␋.␉d.␒.  .␊.␎.␎.␂
00000336 a5 0a 9e 0e 9e 0e b1 59   a5 0a 9e 0e 9e 0e b1 28 	.␊.␎.␎.Y  .␊.␎.␎.(
00000352 a5 0a 9e 0e 9e 0e b1 90   a5 0a 9e 0e 9e 0e b1 7b 	.␊.␎.␎..  .␊.␎.␎.{
00000368 a5 0a 9e 0e 9e 0e b1 5f   a5 0a 9e 0e 9e 0e b1 29 	.␊.␎.␎._  .␊.␎.␎.)
00000384 a5 0a 9e 0e 9e 0e b0 5b   a5 0a 9e 0e 9e 0e b0 71 	.␊.␎.␎.[  .␊.␎.␎.q
00000400 a5 0a 9e 0e 9e 0e b0 3a   a5 0a 9e 0e 9e 0e b3 48 	.␊.␎.␎.:  .␊.␎.␎.H
00000416 a5 0a 9e 0e 9e 0e b2 ce   a5 0a 9e 0e 9e 0e b3 f1 	.␊.␎.␎..  .␊.␎.␎..
00000432 a5 0a 9e 0e 9e 0e b1 52   a5 0a 9e 0e 9e 0e ae ae 	.␊.␎.␎.R  .␊.␎.␎..
00000448 a5 0a 9e 0e 9e 0e ac f2   a5 0a 9e 0e 9e 0e aa e1 	.␊.␎.␎..  .␊.␎.␎..
00000464 a5 0a 9e 0e 9e 0e aa 89   a5 0a 9e 0e 9e 0e ad 9b 	.␊.␎.␎..  .␊.␎.␎..
00000480 a5 0a 9e 0e 9e 0e ad c4   a5 15 9e 13 64 d5 69 f3 	.␊.␎.␎..  .␕.␓d.i.
00000496 a5 15 9e 13 64 d5 68 59   a5 15 9e 13 64 d5 68 63 	.␕.␓d.hY  .␕.␓d.hc
00000512 a5 15 9e 13 64 d5 68 40   a5 15 9e 13 64 d5 6b c5 	.␕.␓d.h@  .␕.␓d.k.
00000528 a5 15 9e 13 64 d5 6b 81   c5 01 00 20 00 00 21 5c 	.␕.␓d.k.  .␁␀ ␀␀!\
00000544 a5 15 9e 13 64 d5 6b 97   a5 15 9e 13 64 d5 6a 01 	.␕.␓d.k.  .␕.␓d.j␁
00000560 a5 15 9e 13 64 d5 6a d2   a5 15 9e 13 64 d5 6a 80 	.␕.␓d.j.  .␕.␓d.j.
00000576 a5 15 9e 13 64 d5 6a 44   a5 15 9e 13 64 d5 75 5b 	.␕.␓d.jD  .␕.␓d.u[
00000592 a5 15 9e 13 64 d5 75 95   a5 15 9e 13 64 d5 74 86 	.␕.␓d.u.  .␕.␓d.t.
00000608 a5 15 9e 13 64 d5 74 95   a5 15 9e 13 64 d5 77 20 	.␕.␓d.t.  .␕.␓d.w 
00000624 a5 15 9e 13 64 d5 77 69   a5 15 9e 13 64 d5 77 f6 	.␕.␓d.wi  .␕.␓d.w.
00000640 a5 15 9e 13 64 d5 77 ae   a5 14 9e 10 66 c8 00 5f 	.␕.␓d.w.  .␔.␐f.␀_
00000656 a5 14 9e 10 66 c8 03 15   a5 14 9e 10 66 c8 03 ff 	.␔.␐f.␃␕  .␔.␐f.␃.
00000672 a5 14 9e 10 66 c8 01 8c   a5 14 9e 10 66 c8 1c 03 	.␔.␐f.␁.  .␔.␐f.␜␃
00000688 a5 14 9e 10 66 c8 1b 99   a5 14 9e 10 66 c8 1a a8 	.␔.␐f.␛.  .␔.␐f.␚.
00000704 a5 14 9e 10 66 c8 1a ee   a5 14 9e 10 66 c8 1a 0f 	.␔.␐f.␚.  .␔.␐f.␚␏
00000720 a5 14 9e 10 66 c8 1d aa   a5 14 9e 10 66 c8 1a e1 	.␔.␐f.␝.  .␔.␐f.␚.
00000736 a5 14 9e 10 66 c8 1a fd   a5 14 9e 10 66 c8 1a bd 	.␔.␐f.␚.  .␔.␐f.␚.
00000752 a5 14 9e 10 66 c8 1a cc   a5 14 9e 10 66 c8 1d 6e 	.␔.␐f.␚.  .␔.␐f.␝n
00000768 a5 14 9e 10 66 c8 1c 74   a5 14 9e 10 66 c8 1a ab 	.␔.␐f.␜t  .␔.␐f.␚.
00000784 a5 14 9e 10 66 c8 1d 3f   a5 14 9e 10 66 c8 1d 7d 	.␔.␐f.␝?  .␔.␐f.␝}
00000800 c5 01 00 00 00 00 01 5c   a5 17 9e 1d 9c 1f a1 22 	.␁␀␀␀␀␁\  .␗.␝.␟."
00000816 a5 17 9e 1d 9c 1f a0 c8   a5 17 9e 1d 9c 1f a0 da 	.␗.␝.␟..  .␗.␝.␟..
00000832 a5 17 9e 1d 9c 1f a3 9b   a5 17 9e 1d 9c 1f a3 e5 	.␗.␝.␟..  .␗.␝.␟..
00000848 a5 17 9e 1d 9c 1f a3 76   a5 17 9e 1d 9c 1f a3 28 	.␗.␝.␟.v  .␗.␝.␟.(
00000864 a5 17 9e 1d 9c 1f a2 ec   c5 01 00 20 00 00 21 5c 	.␗.␝.␟..  .␁␀ ␀␀!\
00000880 a5 17 9e 1d 9c 1f a2 90   a5 17 9e 1d 9c 1f a2 f3 	.␗.␝.␟..  .␗.␝.␟..
00000896 a5 17 9e 1d 9c 1f a2 54   c5 01 00 00 00 00 01 5c 	.␗.␝.␟.T  .␁␀␀␀␀␁\
00000912 c5 01 00 20 00 00 21 5c   a5 17 9e 1d 9c 1f a2 55 	.␁␀ ␀␀!\  .␗.␝.␟.U
00000928 a5 17 9e 1d 9c 1f bd 66   c5 01 00 00 00 00 01 5c 	.␗.␝.␟.f  .␁␀␀␀␀␁\
00000944 c5 01 00 20 00 00 21 5c   a5 17 9e 1d 9c 1f bc e8 	.␁␀ ␀␀!\  .␗.␝.␟..
00000960 a5 17 9e 1d 9c 1f bc e9   a5 16 9e 12 66 ca 00 01 	.␗.␝.␟..  .␖.␒f.␀␁
00000976 a5 16 9e 12 66 ca 00 7f   a5 16 9e 12 66 ca 00 59 	.␖.␒f.␀.  .␖.␒f.␀Y
00000992 a5 16 9e 12 66 ca 00 56   a5 16 9e 12 66 ca 03 a2 	.␖.␒f.␀V  .␖.␒f.␃.
00001008 a5 16 9e 12 66 ca 03 c8   a5 16 9e 12 66 ca 03 4d 	.␖.␒f.␃.  .␖.␒f.␃M
00001024 a5 16 9e 12 66 ca 03 86   a5 16 9e 12 66 ca 02 b3 	.␖.␒f.␃.  .␖.␒f.␂.
00001040 c5 01 00 00 00 00 01 5c   a5 16 9e 12 66 ca 02 ec 	.␁␀␀␀␀␁\  .␖.␒f.␂.
00001056 a5 16 9e 12 66 ca 02 3c   a5 16 9e 12 66 ca 02 26 	.␖.␒f.␂<  .␖.␒f.␂&
00001072 a5 16 9e 12 66 ca 03 60   a5 16 9e 12 66 ca 02 d6 	.␖.␒f.␃`  .␖.␒f.␂.
00001088 a5 16 9e 12 66 ca 05 a6   a5 16 9e 12 66 ca 02 6f 	.␖.␒f.␅.  .␖.␒f.␂o
00001104 c5 01 00 40 00 00 41 5c   a5 16 9e 12 66 ca 05 1f 	.␁␀@␀␀A\  .␖.␒f.␅␟
00001120 a5 16 9e 12 66 ca 04 84   a5 11 9e 17 9c 11 b1 e0 	.␖.␒f.␄.  .␑.␗.␑..
00001136 a5 11 9e 17 9c 11 b3 0b   a5 11 9e 17 9c 11 bd ae 	.␑.␗.␑.␋  .␑.␗.␑..
00001152 a5 11 9e 17 9c 11 bc 89   a5 11 9e 17 9c 11 be c6 	.␑.␗.␑..  .␑.␗.␑..
00001168 a5 11 9e 17 9c 11 be f3   a5 11 9e 17 9c 11 be b4 	.␑.␗.␑..  .␑.␗.␑..
00001184 a5 11 9e 17 9c 11 bf 16   a5 11 9e 17 9c 11 bf fd 	.␑.␗.␑.␖  .␑.␗.␑..
00001200 a5 11 9e 17 9c 11 bd 18   a5 11 9e 17 9c 11 b2 25 	.␑.␗.␑.␘  .␑.␗.␑.%
00001216 a5 11 9e 17 9c 11 b2 5f   a5 11 9e 17 9c 11 b3 30 	.␑.␗.␑._  .␑.␗.␑.0
00001232 a5 11 9e 17 9c 11 b2 9b   a5 11 9e 17 9c 11 b2 1e 	.␑.␗.␑..  .␑.␗.␑.␞
00001248 a5 11 9e 17 9c 11 b2 ec   a5 11 9e 17 9c 11 b0 94 	.␑.␗.␑..  .␑.␗.␑..
00001264 a5 11 9e 17 9c 11 b1 ff   a5 11 9e 17 9c 11 b7 f5 	.␑.␗.␑..  .␑.␗.␑..
00001280 a5 11 9e 17 9c 11 b5 3c   a5 10 9e 14 9e 14 ae 1a 	.␑.␗.␑.<  .␐.␔.␔.␚
00001296 a5 10 9e 14 9e 14 af 44   a5 10 9e 14 9e 14 ac e2 	.␐.␔.␔.D  .␐.␔.␔..
00001312 a5 10 9e 14 9e 14 ad 89   a5 10 9e 14 9e 14 aa 0c 	.␐.␔.␔..  .␐.␔.␔.␌
00001328 a5 10 9e 14 9e 14 ab 6c   a5 10 9e 14 9e 14 a8 39 	.␐.␔.␔.l  .␐.␔.␔.9
00001344 a5 10 9e 14 9e 14 a9 29   a5 10 9e 14 9e 14 a9 23 	.␐.␔.␔.)  .␐.␔.␔.#
00001360 a5 10 9e 14 9e 14 a6 1a   a5 10 9e 14 9e 14 a6 68 	.␐.␔.␔.␚  .␐.␔.␔.h
00001376 a5 10 9e 14 9e 14 a7 54   a5 10 9e 14 9e 14 a7 a7 	.␐.␔.␔.T  .␐.␔.␔..
00001392 a5 10 9e 14 9e 14 a4 ab   a5 10 9e 14 9e 14 a5 c0 	.␐.␔.␔..  .␐.␔.␔..
00001408 a5 10 9e 14 9e 14 a2 0c   a5 10 9e 14 9e 14 a2 23 	.␐.␔.␔.␌  .␐.␔.␔.#
00001424 a5 10 9e 14 9e 14 a3 ad   a5 10 9e 14 9e 14 a0 7b 	.␐.␔.␔..  .␐.␔.␔.{
00001440 a5 10 9e 14 9e 14 a0 c1   a5 13 9e 11 64 cb 1d 08 	.␐.␔.␔..  .␓.␑d.␝␈
00001456 a5 13 9e 11 64 cb 63 e8   a5 13 9e 11 64 cb 63 8f 	.␓.␑d.c.  .␓.␑d.c.
00001472 a5 13 9e 11 64 cb 63 08   a5 13 9e 11 64 cb 60 ab 	.␓.␑d.c␈  .␓.␑d.`.
00001488 a5 13 9e 11 64 cb 61 23   a5 13 9e 11 64 cb 66 b9 	.␓.␑d.a#  .␓.␑d.f.
00001504 a5 13 9e 11 64 cb 67 39   a5 13 9e 11 64 cb 64 47 	.␓.␑d.g9  .␓.␑d.dG
00001520 a5 13 9e 11 64 cb 64 3b   a5 13 9e 11 64 cb 65 79 	.␓.␑d.d;  .␓.␑d.ey
00001536 a5 13 9e 11 64 cb 65 04   a5 13 9e 11 64 cb 6a 2b 	.␓.␑d.e␄  .␓.␑d.j+
00001552 a5 13 9e 11 64 cb 6b 80   a5 13 9e 11 64 cb 6a 96 	.␓.␑d.k.  .␓.␑d.j.
00001568 a5 13 9e 11 64 cb 68 7e   a5 13 9e 11 64 cb 69 d1 	.␓.␑d.h~  .␓.␑d.i.
00001584 a5 13 9e 11 64 cb 69 01   a5 13 9e 11 64 cb 69 7f 	.␓.␑d.i␁  .␓.␑d.i.
00001600 a5 13 9e 11 64 cb 6e 3f   a5 12 9e 16 9e 16 d1 ec 	.␓.␑d.n?  .␒.␖.␖..
00001616 a5 12 9e 16 9e 16 ce 72   a5 12 9e 16 9e 16 cf f1 	.␒.␖.␖.r  .␒.␖.␖..
00001632 a5 12 9e 16 9e 16 cf 3c   a5 12 9e 16 9e 16 cd 40 	.␒.␖.␖.<  .␒.␖.␖.@
00001648 a5 12 9e 16 9e 16 c8 5a   a5 12 9e 16 9e 16 c6 76 	.␒.␖.␖.Z  .␒.␖.␖.v
00001664 a5 12 9e 16 9e 16 c7 96   a5 12 9e 16 9e 16 c5 4c 	.␒.␖.␖..  .␒.␖.␖.L
00001680 a5 12 9e 16 9e 16 c3 1f   a5 12 9e 16 9e 16 c3 ff 	.␒.␖.␖.␟  .␒.␖.␖..
00001696 a5 12 9e 16 9e 16 ff d8   a5 12 9e 16 9e 16 fb 84 	.␒.␖.␖..  .␒.␖.␖..
00001712 a5 12 9e 16 9e 16 f9 d0   a5 12 9e 16 9e 16 f4 39 	.␒.␖.␖..  .␒.␖.␖.9
00001728 a5 12 9e 16 9e 16 ee 6f   a5 12 9e 16 9e 16 ee 42 	.␒.␖.␖.o  .␒.␖.␖.B
00001744 a5 12 9e 16 9e 16 ec 38   a5 12 9e 16 9e 16 ec ca 	.␒.␖.␖.8  .␒.␖.␖..
00001760 a5 12 9e 16 9e 16 eb 83   a5 1d 9e 1b 64 dd 2f df 	.␒.␖.␖..  .␝.␛d./.
00001776 a5 1d 9e 1b 64 dd 29 37   a5 1d 9e 1b 64 dd 2d cf 	.␝.␛d.)7  .␝.␛d.-.
00001792 a5 1d 9e 1b 64 dd 22 1d   a5 1d 9e 1b 64 dd 2d 8b 	.␝.␛d."␝  .␝.␛d.-.
00001808 a5 1d 9e 1b 64 dd 26 cb   a5 1d 9e 1b 64 dd 27 67 	.␝.␛d.&.  .␝.␛d.'g
00001824 a5 1d 9e 1b 64 dd d9 9f   a5 1d 9e 1b 64 dd d9 9a 	.␝.␛d...  .␝.␛d...
00001840 a5 1d 9e 1b 64 dd dd 1f   a5 1d 9e 1b 64 dd dc da 	.␝.␛d..␟  .␝.␛d...
00001856 a5 1d 9e 1b 64 dd d3 b8   a5 1d 9e 1b 64 dd d0 7d 	.␝.␛d...  .␝.␛d..}
00001872 a5 1d 9e 1b 64 dd d4 4f   a5 1d 9e 1b 64 dd d1 ed 	.␝.␛d..O  .␝.␛d...
00001888 a5 1d 9e 1b 64 dd d5 2c   a5 1d 9e 1b 64 dd d5 3c 	.␝.␛d..,  .␝.␛d..<
00001904 a5 1d 9e 1b 64 dd cb a6   c5 01 00 00 00 00 01 5c 	.␝.␛d...  .␁␀␀␀␀␁\
00001920 a5 1d 9e 1b 64 dd c2 ce   a5 1c 9e 18 66 d0 b5 00 	.␝.␛d...  .␜.␘f..␀
00001936 a5 1c 9e 18 66 d0 8e ec   a5 1c 9e 18 66 d0 8f 16 	.␜.␘f...  .␜.␘f..␖
00001952 a5 1c 9e 18 66 d0 8c 3e   a5 1c 9e 18 66 d0 89 70 	.␜.␘f..>  .␜.␘f..p
00001968 a5 1c 9e 18 66 d0 82 ae   a5 1c 9e 18 66 d0 81 b4 	.␜.␘f...  .␜.␘f...
00001984 a5 1c 9e 18 66 d0 9f 1e   a5 1c 9e 18 66 d0 9c 0f 	.␜.␘f..␞  .␜.␘f..␏
00002000 a5 1c 9e 18 66 d0 98 07   a5 1c 9e 18 66 d0 97 c2 	.␜.␘f..␇  .␜.␘f...
00002016 a5 1c 9e 18 66 d0 92 b6   a5 1c 9e 18 66 d0 92 eb 	.␜.␘f...  .␜.␘f...
00002032 a5 1c 9e 18 66 d0 97 05   a5 1c 9e 18 66 d0 94 45 	.␜.␘f..␅  .␜.␘f..E
00002048 a5 1c 9e 18 66 d0 95 2f   a5 1c 9e 18 66 d0 97 d7 	.␜.␘f../  .␜.␘f...
00002064 a5 1c 9e 18 66 d0 96 13   a5 1c 9e 18 66 d0 97 57 	.␜.␘f..␓  .␜.␘f..W
00002080 a5 1c 9e 18 66 d0 99 8f   a5 1f 9e e5 5c a7 aa 55 	.␜.␘f...  .␟..\..U
00002096 a5 1f 9e e5 5c a7 a5 bb   a5 1f 9e e5 5c a7 aa 32 	.␟..\...  .␟..\..2
00002112 a5 1f 9e e5 5c a7 a5 ca   a5 1f 9e e5 5c a7 a5 10 	.␟..\...  .␟..\..␐
00002128 a5 1f 9e e5 5c a7 a4 d7   a5 1f 9e e5 5c a7 a4 e8 	.␟..\...  .␟..\...
00002144 a5 1f 9e e5 5c a7 a4 1d   a5 1f 9e e5 5c a7 a5 2b 	.␟..\..␝  .␟..\..+
00002160 a5 1f 9e e5 5c a7 a4 03   a5 1f 9e e5 5c a7 a4 38 	.␟..\..␃  .␟..\..8
00002176 a5 1f 9e e5 5c a7 a4 76   a5 1f 9e e5 5c a7 a7 af 	.␟..\..v  .␟..\...
00002192 a5 1f 9e e5 5c a7 a7 e0   a5 1f 9e e5 5c a7 a4 60 	.␟..\...  .␟..\..`
00002208 a5 1f 9e e5 5c a7 a5 6f   a5 1f 9e e5 5c a7 ab e8 	.␟..\..o  .␟..\...
00002224 a5 1f 9e e5 5c a7 a8 d5   a5 1f 9e e5 5c a7 a8 5e 	.␟..\...  .␟..\..^
00002240 a5 1f 9e e5 5c a7 a8 a3   a5 1e 9e 1a 66 d2 95 0a 	.␟..\...  .␞.␚f..␊
00002256 a5 1e 9e 1a 66 d2 95 bc   a5 1e 9e 1a 66 d2 93 d1 	.␞.␚f...  .␞.␚f...
00002272 a5 1e 9e 1a 66 d2 91 d0   a5 1e 9e 1a 66 d2 91 67 	.␞.␚f...  .␞.␚f..g
00002288 a5 1e 9e 1a 66 d2 91 0e   a5 1e 9e 1a 66 d2 ef 37 	.␞.␚f..␎  .␞.␚f..7
00002304 a5 1e 9e 1a 66 d2 ec 66   a5 1e 9e 1a 66 d2 ee 80 	.␞.␚f..f  .␞.␚f...
00002320 a5 1e 9e 1a 66 d2 ef 46   a5 1e 9e 1a 66 d2 ee a5 	.␞.␚f..F  .␞.␚f...
00002336 a5 1e 9e 1a 66 d2 ee df   a5 1e 9e 1a 66 d2 ee 2d 	.␞.␚f...  .␞.␚f..-
00002352 a5 1e 9e 1a 66 d2 ee c7   a5 1e 9e 1a 66 d2 ee 7c 	.␞.␚f...  .␞.␚f..|
00002368 a5 1e 9e 1a 66 d2 91 37   a5 1e 9e 1a 66 d2 90 0f 	.␞.␚f..7  .␞.␚f..␏
00002384 c5 01 01 00 00 00 02 5c   a5 1e 9e 1a 66 d2 93 30 	.␁␁␀␀␀␂\  .␞.␚f..0
00002400 a5 1e 9e 1a 66 d2 91 a3   a5 19 9e 1f 9c 19 23 60 	.␞.␚f...  .␙.␟.␙#`
00002416 a5 19 9e 1f 9c 19 22 44   a5 19 9e 1f 9c 19 2f 5f 	.␙.␟.␙"D  .␙.␟.␙/_
00002432 a5 19 9e 1f 9c 19 29 b3   a5 19 9e 1f 9c 19 2b 6e 	.␙.␟.␙).  .␙.␟.␙+n
00002448 a5 19 9e 1f 9c 19 34 47   a5 19 9e 1f 9c 19 36 aa 	.␙.␟.␙4G  .␙.␟.␙6.
00002464 a5 19 9e 1f 9c 19 30 8d   a5 19 9e 1f 9c 19 32 ad 	.␙.␟.␙0.  .␙.␟.␙2.
00002480 a5 19 9e 1f 9c 19 3f 3e   a5 19 9e 1f 9c 19 30 0c 	.␙.␟.␙?>  .␙.␟.␙0␌
00002496 a5 19 9e 1f 9c 19 36 89   a5 19 9e 1f 9c 19 37 a7 	.␙.␟.␙6.  .␙.␟.␙7.
00002512 a5 19 9e 1f 9c 19 2a 23   a5 19 9e 1f 9c 19 2f c8 	.␙.␟.␙*#  .␙.␟.␙/.
00002528 a5 19 9e 1f 9c 19 2b 17   a5 19 9e 1f 9c 19 34 68 	.␙.␟.␙+␗  .␙.␟.␙4h
00002544 a5 19 9e 1f 9c 19 37 f4   a5 19 9e 1f 9c 19 36 b4 	.␙.␟.␙7.  .␙.␟.␙6.
00002560 a5 19 9e 1f 9c 19 31 ea   a5 18 9e 1c 9e 1c 39 e8 	.␙.␟.␙1.  .␘.␜.␜9.
00002576 a5 18 9e 1c 9e 1c 38 f0   c5 01 00 00 00 00 01 5c 	.␘.␜.␜8.  .␁␀␀␀␀␁\
00002592 c5 01 01 00 00 00 02 5c   a5 18 9e 1c 9e 1c 3f 7e 	.␁␁␀␀␀␂\  .␘.␜.␜?~
00002608 a5 18 9e 1c 9e 1c 3e 11   c5 01 00 00 00 00 01 5c 	.␘.␜.␜>␑  .␁␀␀␀␀␁\
00002624 c5 01 01 00 00 00 02 5c   a5 18 9e 1c 9e 1c 3a e4 	.␁␁␀␀␀␂\  .␘.␜.␜:.
00002640 a5 18 9e 1c 9e 1c 36 1f   c5 01 00 00 00 00 01 5c 	.␘.␜.␜6␟  .␁␀␀␀␀␁\
00002656 c5 01 01 00 00 00 02 5c   c5 01 00 00 00 00 01 5c 	.␁␁␀␀␀␂\  .␁␀␀␀␀␁\
00002672 a5 18 9e 1c 9e 1c 30 5f   a5 18 9e 1c 9e 1c 31 c8 	.␘.␜.␜0_  .␘.␜.␜1.
00002688 c5 01 01 00 00 00 02 5c   c5 01 00 00 00 00 01 5c 	.␁␁␀␀␀␂\  .␁␀␀␀␀␁\
00002704 a5 18 9e 1c 9e 1c 35 af   a5 18 9e 1c 9e 1c 34 bd 	.␘.␜.␜5.  .␘.␜.␜4.
00002720 a5 18 9e 1c 9e 1c 37 03   a5 1b 9e 19 64 d3 8b 87 	.␘.␜.␜7␃  .␛.␙d...
00002736 a5 1b 9e 19 64 d3 8c a4   a5 1b 9e 19 64 d3 93 ef 	.␛.␙d...  .␛.␙d...
00002752 a5 1b 9e 19 64 d3 97 70   a5 1b 9e 19 64 d3 9b 41 	.␛.␙d..p  .␛.␙d..A
00002768 a5 1b 9e 19 64 d3 9b 53   a5 1b 9e 19 64 d3 94 32 	.␛.␙d..S  .␛.␙d..2
00002784 c5 01 01 00 00 00 02 5c   a5 1b 9e 19 64 d3 96 c3 	.␁␁␀␀␀␂\  .␛.␙d...
00002800 a5 1b 9e 19 64 d3 91 62   a5 1b 9e 19 64 d3 90 5a 	.␛.␙d..b  .␛.␙d..Z
00002816 a5 1b 9e 19 64 d3 8d 2b   a5 1b 9e 19 64 d3 89 9a 	.␛.␙d..+  .␛.␙d...
00002832 a5 1b 9e 19 64 d3 8b 7b   a5 1b 9e 19 64 d3 85 10 	.␛.␙d..{  .␛.␙d..␐
00002848 a5 1b 9e 19 64 d3 87 50   a5 1b 9e 19 64 d3 80 80 	.␛.␙d..P  .␛.␙d...
00002864 a5 1b 9e 19 64 d3 83 8a   a5 1b 9e 19 64 d3 bd 75 	.␛.␙d...  .␛.␙d..u
00002880 a5 1b 9e 19 64 d3 be e6   a5 1a 9e 1e 9e 1e 07 fe 	.␛.␙d...  .␚.␞.␞␇.
00002896 a5 1a 9e 1e 9e 1e 06 6f   a5 1a 9e 1e 9e 1e 0b 34 	.␚.␞.␞␆o  .␚.␞.␞␋4
00002912 a5 1a 9e 1e 9e 1e 0b 67   a5 1a 9e 1e 9e 1e 0d 44 	.␚.␞.␞␋g  .␚.␞.␞␍D
00002928 a5 1a 9e 1e 9e 1e 0e bc   a5 1a 9e 1e 9e 1e 11 bf 	.␚.␞.␞␎.  .␚.␞.␞␑.
00002944 a5 1a 9e 1e 9e 1e 0e b0   a5 1a 9e 1e 9e 1e 0b 41 	.␚.␞.␞␎.  .␚.␞.␞␋A
00002960 a5 1a 9e 1e 9e 1e 0b d0   a5 1a 9e 1e 9e 1e 06 11 	.␚.␞.␞␋.  .␚.␞.␞␆␑
00002976 a5 1a 9e 1e 9e 1e 0b ca   a5 1a 9e 1e 9e 1e 05 5f 	.␚.␞.␞␋.  .␚.␞.␞␅_
00002992 a5 1a 9e 1e 9e 1e 03 9d   a5 1a 9e 1e 9e 1e 01 e8 	.␚.␞.␞␃.  .␚.␞.␞␁.
00003008 a5 1a 9e 1e 9e 1e 03 15   a5 1a 9e 1e 9e 1e 07 d4 	.␚.␞.␞␃␕  .␚.␞.␞␇.
00003024 a5 1a 9e 1e 9e 1e 07 85   a5 1a 9e 1e 9e 1e 0b df 	.␚.␞.␞␇.  .␚.␞.␞␋.
00003040 a5 1a 9e 1e 9e 1e 0c 9b   a5 65 9e a3 a4 a5 4b ea 	.␚.␞.␞␌.  .e....K.
00003056 c5 01 00 00 00 00 01 5c   a5 65 9e a3 a4 a5 56 92 	.␁␀␀␀␀␁\  .e....V.
00003072 a5 65 9e a3 a4 a5 4a d4   a5 65 9e a3 a4 a5 4e c4 	.e....J.  .e....N.
00003088 a5 65 9e a3 a4 a5 42 c0   a5 65 9e a3 a4 a5 40 91 	.e....B.  .e....@.
00003104 a5 65 9e a3 a4 a5 41 25   a5 65 9e a3 a4 a5 46 40 	.e....A%  .e....F@
00003120 a5 65 9e a3 a4 a5 40 7b   a5 65 9e a3 a4 a5 41 93 	.e....@{  .e....A.
00003136 a5 65 9e a3 a4 a5 43 fe   a5 65 9e a3 a4 a5 40 32 	.e....C.  .e....@2
00003152 a5 65 9e a3 a4 a5 43 e0   a5 65 9e a3 a4 a5 42 c8 	.e....C.  .e....B.
00003168 a5 65 9e a3 a4 a5 40 97   a5 65 9e a3 a4 a5 43 e9 	.e....@.  .e....C.
00003184 a5 65 9e a3 a4 a5 43 96   c5 01 00 80 00 00 81 5c 	.e....C.  .␁␀.␀␀.\
00003200 a5 65 9e a3 a4 a5 43 eb   a5 64 9e a0 a6 d8 7b 0f 	.e....C.  .d....{␏
00003216 a5 64 9e a0 a6 d8 7b f4   a5 64 9e a0 a6 d8 78 83 	.d....{.  .d....x.
00003232 a5 64 9e a0 a6 d8 78 2f   a5 64 9e a0 a6 d8 7b 1b 	.d....x/  .d....{␛
00003248 a5 64 9e a0 a6 d8 7b 3a   a5 64 9e a0 a6 d8 76 88 	.d....{:  .d....v.
00003264 a5 64 9e a0 a6 d8 7b 84   a5 64 9e a0 a6 d8 79 9c 	.d....{.  .d....y.
00003280 a5 64 9e a0 a6 d8 79 bb   a5 64 9e a0 a6 d8 79 8d 	.d....y.  .d....y.
00003296 a5 64 9e a0 a6 d8 7b 79   a5 64 9e a0 a6 d8 79 e2 	.d....{y  .d....y.
00003312 a5 64 9e a0 a6 d8 7d 6b   a5 64 9e a0 a6 d8 7a 33 	.d....}k  .d....z3
00003328 a5 64 9e a0 a6 d8 79 a7   a5 64 9e a0 a6 d8 76 a2 	.d....y.  .d....v.
00003344 a5 64 9e a0 a6 d8 77 d4   a5 64 9e a0 a6 d8 75 c9 	.d....w.  .d....u.
00003360 a5 64 9e a0 a6 d8 70 9e   a5 67 9e ad dc ef b3 55 	.d....p.  .g.....U
00003376 a5 67 9e ad dc ef b0 b4   a5 67 9e ad dc ef b7 7f 	.g......  .g......
00003392 a5 67 9e ad dc ef b4 5b   a5 67 9e ad dc ef b5 a1 	.g.....[  .g......
00003408 a5 67 9e ad dc ef b8 5a   a5 67 9e ad dc ef bf 5b 	.g.....Z  .g.....[
00003424 c5 01 00 00 00 00 01 5c   a5 67 9e ad dc ef a2 80 	.␁␀␀␀␀␁\  .g......
00003440 a5 67 9e ad dc ef a0 4e   a5 67 9e ad dc ef a3 c6 	.g.....N  .g......
00003456 c5 01 00 80 00 00 81 5c   c5 01 00 00 00 00 01 5c 	.␁␀.␀␀.\  .␁␀␀␀␀␁\
00003472 c5 01 00 80 00 00 81 5c   a5 67 9e ad dc ef a1 15 	.␁␀.␀␀.\  .g.....␕
00003488 c5 01 00 00 00 00 01 5c   c5 01 00 80 00 00 81 5c 	.␁␀␀␀␀␁\  .␁␀.␀␀.\
00003504 a5 67 9e ad dc ef a8 97   a5 67 9e ad dc ef a8 c5 	.g......  .g......
00003520 c5 01 00 00 00 00 01 5c   c5 01 00 80 00 00 81 5c 	.␁␀␀␀␀␁\  .␁␀.␀␀.\
00003536 c5 01 00 00 00 00 01 5c   a5 66 9e a2 a6 da 2e ee 	.␁␀␀␀␀␁\  .f......
00003552 a5 66 9e a2 a6 da 51 27   c5 01 00 80 00 00 81 5c 	.f....Q'  .␁␀.␀␀.\
00003568 c5 01 00 00 00 00 01 5c   a5 66 9e a2 a6 da 2f 17 	.␁␀␀␀␀␁\  .f..../␗
00003584 a5 66 9e a2 a6 da 2c f9   c5 01 00 80 00 00 81 5c 	.f....,.  .␁␀.␀␀.\
00003600 c5 01 00 00 00 00 01 5c   a5 66 9e a2 a6 da 2d bd 	.␁␀␀␀␀␁\  .f....-.
00003616 a5 66 9e a2 a6 da 2b d6   c5 01 00 80 00 00 81 5c 	.f....+.  .␁␀.␀␀.\
00003632 a5 66 9e a2 a6 da 2b 89   a5 66 9e a2 a6 da 29 7e 	.f....+.  .f....)~
00003648 a5 66 9e a2 a6 da 24 dc   a5 66 9e a2 a6 da 23 f8 	.f....$.  .f....#.
00003664 c5 01 00 00 00 00 01 5c   a5 66 9e a2 a6 da 3c cd 	.␁␀␀␀␀␁\  .f....<.
00003680 a5 66 9e a2 a6 da 3a 07   a5 61 9e a7 dc e1 cf a2 	.f....:␇  .a......
00003696 a5 61 9e a7 dc e1 cf f9   a5 61 9e a7 dc e1 cc e6 	.a......  .a......
00003712 a5 61 9e a7 dc e1 cc 55   a5 61 9e a7 dc e1 cd 7d 	.a.....U  .a.....}
00003728 a5 61 9e a7 dc e1 cd a5   a5 61 9e a7 dc e1 c2 ad 	.a......  .a......
00003744 a5 61 9e a7 dc e1 c3 cb   a5 61 9e a7 dc e1 c3 f3 	.a......  .a......
00003760 a5 61 9e a7 dc e1 c3 4e   a5 61 9e a7 dc e1 c1 a3 	.a.....N  .a......
00003776 a5 61 9e a7 dc e1 c0 11   a5 61 9e a7 dc e1 c6 c7 	.a.....␑  .a......
00003792 a5 61 9e a7 dc e1 c6 44   a5 61 9e a7 dc e1 c7 ef 	.a.....D  .a......
00003808 a5 61 9e a7 dc e1 c4 14   a5 61 9e a7 dc e1 c5 8e 	.a.....␔  .a......
00003824 a5 61 9e a7 dc e1 c5 02   a5 61 9e a7 dc e1 fa 1b 	.a.....␂  .a.....␛
00003840 a5 61 9e a7 dc e1 c4 c2   a5 60 9e a4 de e4 c0 67 	.a......  .`.....g
00003856 a5 60 9e a4 de e4 c3 ba   a5 60 9e a4 de e4 c2 d1 	.`......  .`......
00003872 a5 60 9e a4 de e4 c6 4f   a5 60 9e a4 de e4 c6 01 	.`.....O  .`.....␁
00003888 a5 60 9e a4 de e4 c9 e1   a5 60 9e a4 de e4 ca 09 	.`......  .`.....␉
00003904 a5 60 9e a4 de e4 c8 ec   a5 60 9e a4 de e4 cd 03 	.`......  .`.....␃
00003920 a5 60 9e a4 de e4 cd 71   c5 01 00 80 00 00 81 5c 	.`.....q  .␁␀.␀␀.\
00003936 c5 01 00 00 00 00 01 5c   a5 60 9e a4 de e4 cb ab 	.␁␀␀␀␀␁\  .`......
00003952 a5 60 9e a4 de e4 c9 a5   c5 01 00 80 00 00 81 5c 	.`......  .␁␀.␀␀.\
00003968 c5 01 00 00 00 00 01 5c   c5 01 00 80 00 00 81 5c 	.␁␀␀␀␀␁\  .␁␀.␀␀.\
00003984 a5 60 9e a4 de e4 c2 e5   a5 60 9e a4 de e4 fe f0 	.`......  .`......
00004000 c5 01 00 00 00 00 01 5c   c5 01 00 80 00 00 81 5c 	.␁␀␀␀␀␁\  .␁␀.␀␀.\
00004016 a5 63 9e a1 a4 db 08 40   a5 63 9e a1 a4 db 08 bb 	.c....␈@  .c....␈.
00004032 c5 01 00 00 00 00 01 5c   a5 63 9e a1 a4 db 13 df 	.␁␀␀␀␀␁\  .c....␓.
00004048 a5 63 9e a1 a4 db 10 d2   a5 63 9e a1 a4 db 16 79 	.c....␐.  .c....␖y
00004064 a5 63 9e a1 a4 db 11 90   a5 63 9e a1 a4 db 16 df 	.c....␑.  .c....␖.
00004080 a5 63 9e a1 a4 db 14 23   a5 63 9e a1 a4 db 17 8a 	.c....␔#  .c....␗.
00004096 a5 63 9e a1 a4 db 14 00   a5 63 9e a1 a4 db 14 75 	.c....␔␀  .c....␔u
00004112 a5 63 9e a1 a4 db 14 54   a5 63 9e a1 a4 db 1a 90 	.c....␔T  .c....␚.
00004128 a5 63 9e a1 a4 db 1b b5   a5 63 9e a1 a4 db 19 18 	.c....␛.  .c....␙␘
00004144 a5 63 9e a1 a4 db 18 1d   a5 63 9e a1 a4 db 19 41 	.c....␘␝  .c....␙A
00004160 a5 63 9e a1 a4 db 1a 80   c5 01 00 80 00 00 81 5c 	.c....␚.  .␁␀.␀␀.\
00004176 c5 01 00 00 00 00 01 5c   a5 62 9e a6 de e6 e8 0c 	.␁␀␀␀␀␁\  .b.....␌
00004192 a5 62 9e a6 de e6 ea 49   a5 62 9e a6 de e6 ea 8f 	.b.....I  .b......
00004208 a5 62 9e a6 de e6 ed 6f   a5 62 9e a6 de e6 ee 74 	.b.....o  .b.....t
00004224 a5 62 9e a6 de e6 f3 c9   a5 62 9e a6 de e6 f3 8a 	.b......  .b......
00004240 a5 62 9e a6 de e6 f4 5b   a5 62 9e a6 de e6 f6 d7 	.b.....[  .b......
00004256 a5 62 9e a6 de e6 f9 d5   a5 62 9e a6 de e6 f6 13 	.b......  .b.....␓
00004272 a5 62 9e a6 de e6 f6 bd   a5 62 9e a6 de e6 f6 95 	.b......  .b......
00004288 a5 62 9e a6 de e6 f6 5c   a5 62 9e a6 de e6 f7 6a 	.b.....\  .b.....j
00004304 a5 62 9e a6 de e6 f4 41   a5 62 9e a6 de e6 f7 60 	.b.....A  .b.....`
00004320 a5 62 9e a6 de e6 f9 fa   a5 6d 9e ab a4 ad 32 08 	.b......  .m....2␈
00004336 a5 6d 9e ab a4 ad 3d 73   a5 6d 9e ab a4 ad 3d ee 	.m....=s  .m....=.
00004352 a5 6d 9e ab a4 ad 32 47   a5 6d 9e ab a4 ad 33 bf 	.m....2G  .m....3.
00004368 a5 6d 9e ab a4 ad 33 fe   a5 6d 9e ab a4 ad 32 34 	.m....3.  .m....24
00004384 a5 6d 9e ab a4 ad 36 26   a5 6d 9e ab a4 ad 37 3e 	.m....6&  .m....7>
00004400 a5 6d 9e ab a4 ad 34 62   a5 6d 9e ab a4 ad 36 07 	.m....4b  .m....6␇
00004416 a5 6d 9e ab a4 ad 37 a1   a5 6d 9e ab a4 ad 34 b1 	.m....7.  .m....4.
00004432 a5 6d 9e ab a4 ad 34 e0   a5 6d 9e ab a4 ad 35 87 	.m....4.  .m....5.
00004448 a5 6d 9e ab a4 ad 2b 05   a5 6d 9e ab a4 ad 34 46 	.m....+␅  .m....4F
00004464 a5 6d 9e ab a4 ad 37 67   a5 6d 9e ab a4 ad 30 9f 	.m....7g  .m....0.
00004480 a5 6d 9e ab a4 ad 33 8e   a5 6c 9e a8 a6 a0 44 b4 	.m....3.  .l....D.
00004496 a5 6c 9e a8 a6 a0 47 09   a5 6c 9e a8 a6 a0 48 ba 	.l....G␉  .l....H.
00004512 a5 6c 9e a8 a6 a0 4b 5c   a5 6c 9e a8 a6 a0 4c 56 	.l....K\  .l....LV
00004528 a5 6c 9e a8 a6 a0 4a 7f   a5 6c 9e a8 a6 a0 4e 26 	.l....J.  .l....N&
00004544 a5 6c 9e a8 a6 a0 70 da   a5 6c 9e a8 a6 a0 70 94 	.l....p.  .l....p.
00004560 a5 6c 9e a8 a6 a0 75 7b   a5 6c 9e a8 a6 a0 72 57 	.l....u{  .l....rW
00004576 a5 6c 9e a8 a6 a0 70 b4   a5 6c 9e a8 a6 a0 70 3a 	.l....p.  .l....p:
00004592 a5 6c 9e a8 a6 a0 71 e3   a5 6c 9e a8 a6 a0 71 d5 	.l....q.  .l....q.
00004608 a5 6c 9e a8 a6 a0 4f 35   a5 6c 9e a8 a6 a0 4f f9 	.l....O5  .l....O.
00004624 a5 6c 9e a8 a6 a0 4f c3   a5 6c 9e a8 a6 a0 4c 55 	.l....O.  .l....LU
00004640 a5 6f 9e b5 dc f7 f1 75   a5 6f 9e b5 dc f7 f6 a7 	.o.....u  .o......
00004656 a5 6f 9e b5 dc f7 f1 46   a5 6f 9e b5 dc f7 f7 8d 	.o.....F  .o......
00004672 a5 6f 9e b5 dc f7 f6 0e   a5 6f 9e b5 dc f7 f7 26 	.o.....␎  .o.....&
00004688 a5 6f 9e b5 dc f7 f4 12   a5 6f 9e b5 dc f7 f4 46 	.o.....␒  .o.....F
00004704 a5 6f 9e b5 dc f7 fa 07   a5 6f 9e b5 dc f7 f5 4c 	.o.....␇  .o.....L
00004720 a5 6f 9e b5 dc f7 fa 23   a5 6f 9e b5 dc f7 f4 f2 	.o.....#  .o......
00004736 a5 6f 9e b5 dc f7 f4 12   a5 6f 9e b5 dc f7 f5 e8 	.o.....␒  .o......
00004752 a5 6f 9e b5 dc f7 fa d0   a5 6f 9e b5 dc f7 fa 4f 	.o......  .o.....O
00004768 a5 6f 9e b5 dc f7 fb 94   a5 6f 9e b5 dc f7 f5 7b 	.o......  .o.....{
00004784 a5 6f 9e b5 dc f7 f4 4e   a5 6f 9e b5 dc f7 f1 57 	.o.....N  .o.....W
00004800 a5 6e 9e aa a6 a2 4c 97   a5 6e 9e aa a6 a2 4f 5d 	.n....L.  .n....O]
00004816 a5 6e 9e aa a6 a2 71 1f   a5 6e 9e aa a6 a2 73 34 	.n....q␟  .n....s4
00004832 a5 6e 9e aa a6 a2 72 e4   a5 6e 9e aa a6 a2 74 48 	.n....r.  .n....tH
00004848 a5 6e 9e aa a6 a2 74 10   a5 6e 9e aa a6 a2 74 8d 	.n....t␐  .n....t.
00004864 a5 6e 9e aa a6 a2 77 8f   a5 6e 9e aa a6 a2 76 88 	.n....w.  .n....v.
