./burn --chip gk7205v200 --file=u-boot/gk7205v200.bin --break; screen -L /dev/ttyUSB0 115200
Trying open /dev/ttyUSB0
Welcome to boot-mode

{'name': 'hi3516ev200', 'DDRSTEP0': [4, 224, 45, 229, 36, 0, 159, 229, 36, 16, 159, 229, 0, 16, 128, 229, 32, 0, 159, 229, 32, 16, 159, 229, 4, 16, 128, 228, 0, 224, 128, 229, 4, 240, 157, 228, 239, 190, 173, 222, 239, 190, 173, 222, 239, 190, 173, 222, 60, 1, 2, 18, 120, 86, 52, 18, 64, 1, 2, 18, 117, 106, 105, 122], 'ADDRESS': ['0x04013000', '0x04010500', '0x41000000'], 'FILELEN': ['0x0040', '0x6000'], 'STEPLEN': ['0x0040', '0x0080']}
Sending u-boot/gk7205v200.bin ...
Send DDRSTEP frame...
Send HEAD frame...
Send TAIL frame...
Send HEAD frame...
failedATA frame[======================                                                                                                                                                               ]3072 of 24576
failedATA frame[==============================                                                                                                                                                       ]4096 of 24576
failedATA frame[=====================================                                                                                                                                                ]5120 of 24576
failedATA frame[=============================================                                                                                                                                        ]6144 of 24576
failedATA frame[====================================================                                                                                                                                 ]7168 of 24576
failedATA frame[============================================================                                                                                                                         ]8192 of 24576
failedATA frame[===================================================================                                                                                                                  ]9216 of 24576
failedATA frame[===========================================================================                                                                                                         ]10240 of 24576
failedATA frame[==================================================================================                                                                                                  ]11264 of 24576
failedATA frame[==========================================================================================                                                                                          ]12288 of 24576
failedATA frame[=================================================================================================                                                                                   ]13312 of 24576
failedATA frame[=========================================================================================================                                                                           ]14336 of 24576
failedATA frame[================================================================================================================                                                                    ]15360 of 24576
failedATA frame[========================================================================================================================                                                            ]16384 of 24576
failedATA frame[===============================================================================================================================                                                     ]17408 of 24576
failedATA frame[=======================================================================================================================================                                             ]18432 of 24576
failedATA frame[==============================================================================================================================================                                      ]19456 of 24576
failedATA frame[======================================================================================================================================================                              ]20480 of 24576
failedATA frame[=============================================================================================================================================================                       ]21504 of 24576
failedATA frame[=====================================================================================================================================================================               ]22528 of 24576
failedATA frame[============================================================================================================================================================================        ]23552 of 24576
Send DATA frame[====================================================================================================================================================================================]24576 of 24576
Send TAIL frame...
failed
Send HEAD frame...
failed
